::1 - - [Mon, 10 Oct 2016 01:37:33 GMT] "GET /index.f14af7aa5a430ee4772b.css HTTP/1.1" - - "http://localhost:8080/" "Mozilla/5.0 (Windows NT 6.1; WOW64) AppleWebKit/537.36 (KHTML, like Gecko) Chrome/53.0.2785.143 Safari/537.36"
::1 - - [Mon, 10 Oct 2016 01:37:33 GMT] "GET / HTTP/1.1" 200 585 "-" "Mozilla/5.0 (Windows NT 6.1; WOW64) AppleWebKit/537.36 (KHTML, like Gecko) Chrome/53.0.2785.143 Safari/537.36"
::1 - - [Mon, 10 Oct 2016 01:37:33 GMT] "GET /js/common.f14af7aa5a430ee4772b.min.js HTTP/1.1" 200 6638 "http://localhost:8080/" "Mozilla/5.0 (Windows NT 6.1; WOW64) AppleWebKit/537.36 (KHTML, like Gecko) Chrome/53.0.2785.143 Safari/537.36"
::1 - - [Mon, 10 Oct 2016 01:37:33 GMT] "GET /js/index.f14af7aa5a430ee4772b.min.js HTTP/1.1" 200 254145 "http://localhost:8080/" "Mozilla/5.0 (Windows NT 6.1; WOW64) AppleWebKit/537.36 (KHTML, like Gecko) Chrome/53.0.2785.143 Safari/537.36"
::1 - - [Mon, 10 Oct 2016 01:37:33 GMT] "GET /favicon.ico HTTP/1.1" 404 24 "http://localhost:8080/" "Mozilla/5.0 (Windows NT 6.1; WOW64) AppleWebKit/537.36 (KHTML, like Gecko) Chrome/53.0.2785.143 Safari/537.36"
::1 - - [Mon, 10 Oct 2016 01:37:35 GMT] "GET /index.f14af7aa5a430ee4772b.css HTTP/1.1" 304 - "http://localhost:8080/" "Mozilla/5.0 (Windows NT 6.1; WOW64) AppleWebKit/537.36 (KHTML, like Gecko) Chrome/53.0.2785.143 Safari/537.36"
::1 - - [Mon, 10 Oct 2016 01:37:35 GMT] "GET /js/common.f14af7aa5a430ee4772b.min.js.map HTTP/1.1" 200 60239 "-" "Mozilla/5.0 (Windows NT 6.1; WOW64) AppleWebKit/537.36 (KHTML, like Gecko) Chrome/53.0.2785.143 Safari/537.36"
::1 - - [Mon, 10 Oct 2016 01:37:35 GMT] "GET /index.f14af7aa5a430ee4772b.css.map HTTP/1.1" 200 107 "-" "Mozilla/5.0 (Windows NT 6.1; WOW64) AppleWebKit/537.36 (KHTML, like Gecko) Chrome/53.0.2785.143 Safari/537.36"
::1 - - [Mon, 10 Oct 2016 01:37:35 GMT] "GET /js/index.f14af7aa5a430ee4772b.min.js.map HTTP/1.1" 200 2432900 "-" "Mozilla/5.0 (Windows NT 6.1; WOW64) AppleWebKit/537.36 (KHTML, like Gecko) Chrome/53.0.2785.143 Safari/537.36"
::1 - - [Mon, 10 Oct 2016 01:37:41 GMT] "GET / HTTP/1.1" 304 - "-" "Mozilla/5.0 (Windows NT 6.1; WOW64) AppleWebKit/537.36 (KHTML, like Gecko) Chrome/53.0.2785.143 Safari/537.36"
::1 - - [Mon, 10 Oct 2016 01:37:41 GMT] "GET /index.f14af7aa5a430ee4772b.css HTTP/1.1" 304 - "http://localhost:8080/" "Mozilla/5.0 (Windows NT 6.1; WOW64) AppleWebKit/537.36 (KHTML, like Gecko) Chrome/53.0.2785.143 Safari/537.36"
::1 - - [Mon, 10 Oct 2016 01:37:41 GMT] "GET /js/index.f14af7aa5a430ee4772b.min.js HTTP/1.1" 304 - "http://localhost:8080/" "Mozilla/5.0 (Windows NT 6.1; WOW64) AppleWebKit/537.36 (KHTML, like Gecko) Chrome/53.0.2785.143 Safari/537.36"
::1 - - [Mon, 10 Oct 2016 01:37:41 GMT] "GET /js/common.f14af7aa5a430ee4772b.min.js HTTP/1.1" 304 - "http://localhost:8080/" "Mozilla/5.0 (Windows NT 6.1; WOW64) AppleWebKit/537.36 (KHTML, like Gecko) Chrome/53.0.2785.143 Safari/537.36"
::1 - - [Mon, 10 Oct 2016 01:37:41 GMT] "GET /index.f14af7aa5a430ee4772b.css.map HTTP/1.1" 304 - "-" "Mozilla/5.0 (Windows NT 6.1; WOW64) AppleWebKit/537.36 (KHTML, like Gecko) Chrome/53.0.2785.143 Safari/537.36"
::1 - - [Mon, 10 Oct 2016 01:37:41 GMT] "GET /js/common.f14af7aa5a430ee4772b.min.js.map HTTP/1.1" 304 - "-" "Mozilla/5.0 (Windows NT 6.1; WOW64) AppleWebKit/537.36 (KHTML, like Gecko) Chrome/53.0.2785.143 Safari/537.36"
::1 - - [Mon, 10 Oct 2016 01:37:41 GMT] "GET /js/index.f14af7aa5a430ee4772b.min.js.map HTTP/1.1" 304 - "-" "Mozilla/5.0 (Windows NT 6.1; WOW64) AppleWebKit/537.36 (KHTML, like Gecko) Chrome/53.0.2785.143 Safari/537.36"
::1 - - [Mon, 10 Oct 2016 01:40:56 GMT] "GET / HTTP/1.1" 304 - "-" "Mozilla/5.0 (Windows NT 6.1; WOW64) AppleWebKit/537.36 (KHTML, like Gecko) Chrome/53.0.2785.143 Safari/537.36"
::1 - - [Mon, 10 Oct 2016 01:40:56 GMT] "GET /index.f14af7aa5a430ee4772b.css HTTP/1.1" 304 - "http://localhost:8080/" "Mozilla/5.0 (Windows NT 6.1; WOW64) AppleWebKit/537.36 (KHTML, like Gecko) Chrome/53.0.2785.143 Safari/537.36"
::1 - - [Mon, 10 Oct 2016 01:40:56 GMT] "GET /js/index.f14af7aa5a430ee4772b.min.js HTTP/1.1" 304 - "http://localhost:8080/" "Mozilla/5.0 (Windows NT 6.1; WOW64) AppleWebKit/537.36 (KHTML, like Gecko) Chrome/53.0.2785.143 Safari/537.36"
::1 - - [Mon, 10 Oct 2016 01:40:56 GMT] "GET /js/common.f14af7aa5a430ee4772b.min.js HTTP/1.1" 304 - "http://localhost:8080/" "Mozilla/5.0 (Windows NT 6.1; WOW64) AppleWebKit/537.36 (KHTML, like Gecko) Chrome/53.0.2785.143 Safari/537.36"
::1 - - [Mon, 10 Oct 2016 01:40:56 GMT] "GET /index.f14af7aa5a430ee4772b.css.map HTTP/1.1" 304 - "-" "Mozilla/5.0 (Windows NT 6.1; WOW64) AppleWebKit/537.36 (KHTML, like Gecko) Chrome/53.0.2785.143 Safari/537.36"
::1 - - [Mon, 10 Oct 2016 01:40:56 GMT] "GET /js/index.f14af7aa5a430ee4772b.min.js.map HTTP/1.1" 304 - "-" "Mozilla/5.0 (Windows NT 6.1; WOW64) AppleWebKit/537.36 (KHTML, like Gecko) Chrome/53.0.2785.143 Safari/537.36"
::1 - - [Mon, 10 Oct 2016 01:40:56 GMT] "GET /js/common.f14af7aa5a430ee4772b.min.js.map HTTP/1.1" 304 - "-" "Mozilla/5.0 (Windows NT 6.1; WOW64) AppleWebKit/537.36 (KHTML, like Gecko) Chrome/53.0.2785.143 Safari/537.36"
::1 - - [Mon, 10 Oct 2016 01:41:45 GMT] "GET / HTTP/1.1" 304 - "-" "Mozilla/5.0 (Windows NT 6.1; WOW64) AppleWebKit/537.36 (KHTML, like Gecko) Chrome/53.0.2785.143 Safari/537.36"
::1 - - [Mon, 10 Oct 2016 01:41:45 GMT] "GET /index.f14af7aa5a430ee4772b.css HTTP/1.1" 304 - "http://localhost:8080/" "Mozilla/5.0 (Windows NT 6.1; WOW64) AppleWebKit/537.36 (KHTML, like Gecko) Chrome/53.0.2785.143 Safari/537.36"
::1 - - [Mon, 10 Oct 2016 01:41:45 GMT] "GET /js/common.f14af7aa5a430ee4772b.min.js HTTP/1.1" 304 - "http://localhost:8080/" "Mozilla/5.0 (Windows NT 6.1; WOW64) AppleWebKit/537.36 (KHTML, like Gecko) Chrome/53.0.2785.143 Safari/537.36"
::1 - - [Mon, 10 Oct 2016 01:41:45 GMT] "GET /js/index.f14af7aa5a430ee4772b.min.js HTTP/1.1" 304 - "http://localhost:8080/" "Mozilla/5.0 (Windows NT 6.1; WOW64) AppleWebKit/537.36 (KHTML, like Gecko) Chrome/53.0.2785.143 Safari/537.36"
::1 - - [Mon, 10 Oct 2016 01:41:45 GMT] "GET /index.f14af7aa5a430ee4772b.css.map HTTP/1.1" 304 - "-" "Mozilla/5.0 (Windows NT 6.1; WOW64) AppleWebKit/537.36 (KHTML, like Gecko) Chrome/53.0.2785.143 Safari/537.36"
::1 - - [Mon, 10 Oct 2016 01:41:45 GMT] "GET /js/common.f14af7aa5a430ee4772b.min.js.map HTTP/1.1" 304 - "-" "Mozilla/5.0 (Windows NT 6.1; WOW64) AppleWebKit/537.36 (KHTML, like Gecko) Chrome/53.0.2785.143 Safari/537.36"
::1 - - [Mon, 10 Oct 2016 01:41:46 GMT] "GET /js/index.f14af7aa5a430ee4772b.min.js.map HTTP/1.1" 304 - "-" "Mozilla/5.0 (Windows NT 6.1; WOW64) AppleWebKit/537.36 (KHTML, like Gecko) Chrome/53.0.2785.143 Safari/537.36"
::1 - - [Mon, 10 Oct 2016 01:42:21 GMT] "GET / HTTP/1.1" 304 - "-" "Mozilla/5.0 (Windows NT 6.1; WOW64) AppleWebKit/537.36 (KHTML, like Gecko) Chrome/53.0.2785.143 Safari/537.36"
::1 - - [Mon, 10 Oct 2016 01:42:21 GMT] "GET /index.f14af7aa5a430ee4772b.css HTTP/1.1" 304 - "http://localhost:8080/" "Mozilla/5.0 (Windows NT 6.1; WOW64) AppleWebKit/537.36 (KHTML, like Gecko) Chrome/53.0.2785.143 Safari/537.36"
::1 - - [Mon, 10 Oct 2016 01:42:21 GMT] "GET /js/common.f14af7aa5a430ee4772b.min.js HTTP/1.1" 304 - "http://localhost:8080/" "Mozilla/5.0 (Windows NT 6.1; WOW64) AppleWebKit/537.36 (KHTML, like Gecko) Chrome/53.0.2785.143 Safari/537.36"
::1 - - [Mon, 10 Oct 2016 01:42:21 GMT] "GET /js/index.f14af7aa5a430ee4772b.min.js HTTP/1.1" 304 - "http://localhost:8080/" "Mozilla/5.0 (Windows NT 6.1; WOW64) AppleWebKit/537.36 (KHTML, like Gecko) Chrome/53.0.2785.143 Safari/537.36"
::1 - - [Mon, 10 Oct 2016 01:42:21 GMT] "GET /index.f14af7aa5a430ee4772b.css.map HTTP/1.1" 304 - "-" "Mozilla/5.0 (Windows NT 6.1; WOW64) AppleWebKit/537.36 (KHTML, like Gecko) Chrome/53.0.2785.143 Safari/537.36"
::1 - - [Mon, 10 Oct 2016 01:42:21 GMT] "GET /js/common.f14af7aa5a430ee4772b.min.js.map HTTP/1.1" 304 - "-" "Mozilla/5.0 (Windows NT 6.1; WOW64) AppleWebKit/537.36 (KHTML, like Gecko) Chrome/53.0.2785.143 Safari/537.36"
::1 - - [Mon, 10 Oct 2016 01:42:21 GMT] "GET /js/index.f14af7aa5a430ee4772b.min.js.map HTTP/1.1" 304 - "-" "Mozilla/5.0 (Windows NT 6.1; WOW64) AppleWebKit/537.36 (KHTML, like Gecko) Chrome/53.0.2785.143 Safari/537.36"
::1 - - [Mon, 10 Oct 2016 01:43:03 GMT] "GET / HTTP/1.1" 304 - "-" "Mozilla/5.0 (Windows NT 6.1; WOW64) AppleWebKit/537.36 (KHTML, like Gecko) Chrome/53.0.2785.143 Safari/537.36"
::1 - - [Mon, 10 Oct 2016 01:43:03 GMT] "GET /index.f14af7aa5a430ee4772b.css HTTP/1.1" 304 - "http://localhost:8080/" "Mozilla/5.0 (Windows NT 6.1; WOW64) AppleWebKit/537.36 (KHTML, like Gecko) Chrome/53.0.2785.143 Safari/537.36"
::1 - - [Mon, 10 Oct 2016 01:43:03 GMT] "GET /js/common.f14af7aa5a430ee4772b.min.js HTTP/1.1" 304 - "http://localhost:8080/" "Mozilla/5.0 (Windows NT 6.1; WOW64) AppleWebKit/537.36 (KHTML, like Gecko) Chrome/53.0.2785.143 Safari/537.36"
::1 - - [Mon, 10 Oct 2016 01:43:03 GMT] "GET /js/index.f14af7aa5a430ee4772b.min.js HTTP/1.1" 304 - "http://localhost:8080/" "Mozilla/5.0 (Windows NT 6.1; WOW64) AppleWebKit/537.36 (KHTML, like Gecko) Chrome/53.0.2785.143 Safari/537.36"
::1 - - [Mon, 10 Oct 2016 01:43:03 GMT] "GET /index.f14af7aa5a430ee4772b.css.map HTTP/1.1" 304 - "-" "Mozilla/5.0 (Windows NT 6.1; WOW64) AppleWebKit/537.36 (KHTML, like Gecko) Chrome/53.0.2785.143 Safari/537.36"
::1 - - [Mon, 10 Oct 2016 01:43:03 GMT] "GET /js/common.f14af7aa5a430ee4772b.min.js.map HTTP/1.1" 304 - "-" "Mozilla/5.0 (Windows NT 6.1; WOW64) AppleWebKit/537.36 (KHTML, like Gecko) Chrome/53.0.2785.143 Safari/537.36"
::1 - - [Mon, 10 Oct 2016 01:43:03 GMT] "GET /js/index.f14af7aa5a430ee4772b.min.js.map HTTP/1.1" 304 - "-" "Mozilla/5.0 (Windows NT 6.1; WOW64) AppleWebKit/537.36 (KHTML, like Gecko) Chrome/53.0.2785.143 Safari/537.36"
::1 - - [Mon, 10 Oct 2016 01:47:21 GMT] "GET / HTTP/1.1" 200 585 "-" "Mozilla/5.0 (Windows NT 6.1; WOW64) AppleWebKit/537.36 (KHTML, like Gecko) Chrome/53.0.2785.143 Safari/537.36"
::1 - - [Mon, 10 Oct 2016 01:47:21 GMT] "GET /index.f14af7aa5a430ee4772b.css HTTP/1.1" 200 13221 "http://localhost:8080/" "Mozilla/5.0 (Windows NT 6.1; WOW64) AppleWebKit/537.36 (KHTML, like Gecko) Chrome/53.0.2785.143 Safari/537.36"
::1 - - [Mon, 10 Oct 2016 01:47:21 GMT] "GET /js/common.f14af7aa5a430ee4772b.min.js HTTP/1.1" 200 6638 "http://localhost:8080/" "Mozilla/5.0 (Windows NT 6.1; WOW64) AppleWebKit/537.36 (KHTML, like Gecko) Chrome/53.0.2785.143 Safari/537.36"
::1 - - [Mon, 10 Oct 2016 01:47:21 GMT] "GET /js/index.f14af7aa5a430ee4772b.min.js HTTP/1.1" 200 254145 "http://localhost:8080/" "Mozilla/5.0 (Windows NT 6.1; WOW64) AppleWebKit/537.36 (KHTML, like Gecko) Chrome/53.0.2785.143 Safari/537.36"
::1 - - [Mon, 10 Oct 2016 01:47:21 GMT] "GET /index.f14af7aa5a430ee4772b.css.map HTTP/1.1" 304 - "-" "Mozilla/5.0 (Windows NT 6.1; WOW64) AppleWebKit/537.36 (KHTML, like Gecko) Chrome/53.0.2785.143 Safari/537.36"
::1 - - [Mon, 10 Oct 2016 01:47:21 GMT] "GET /js/common.f14af7aa5a430ee4772b.min.js.map HTTP/1.1" 304 - "-" "Mozilla/5.0 (Windows NT 6.1; WOW64) AppleWebKit/537.36 (KHTML, like Gecko) Chrome/53.0.2785.143 Safari/537.36"
::1 - - [Mon, 10 Oct 2016 01:47:21 GMT] "GET /js/index.f14af7aa5a430ee4772b.min.js.map HTTP/1.1" 304 - "-" "Mozilla/5.0 (Windows NT 6.1; WOW64) AppleWebKit/537.36 (KHTML, like Gecko) Chrome/53.0.2785.143 Safari/537.36"
::1 - - [Mon, 10 Oct 2016 01:47:23 GMT] "GET / HTTP/1.1" 200 585 "-" "Mozilla/5.0 (Windows NT 6.1; WOW64) AppleWebKit/537.36 (KHTML, like Gecko) Chrome/53.0.2785.143 Safari/537.36"
::1 - - [Mon, 10 Oct 2016 01:47:23 GMT] "GET /index.f14af7aa5a430ee4772b.css HTTP/1.1" 200 13221 "http://localhost:8080/" "Mozilla/5.0 (Windows NT 6.1; WOW64) AppleWebKit/537.36 (KHTML, like Gecko) Chrome/53.0.2785.143 Safari/537.36"
::1 - - [Mon, 10 Oct 2016 01:47:23 GMT] "GET /js/common.f14af7aa5a430ee4772b.min.js HTTP/1.1" 200 6638 "http://localhost:8080/" "Mozilla/5.0 (Windows NT 6.1; WOW64) AppleWebKit/537.36 (KHTML, like Gecko) Chrome/53.0.2785.143 Safari/537.36"
::1 - - [Mon, 10 Oct 2016 01:47:23 GMT] "GET /js/index.f14af7aa5a430ee4772b.min.js HTTP/1.1" 200 254145 "http://localhost:8080/" "Mozilla/5.0 (Windows NT 6.1; WOW64) AppleWebKit/537.36 (KHTML, like Gecko) Chrome/53.0.2785.143 Safari/537.36"
::1 - - [Mon, 10 Oct 2016 01:47:24 GMT] "GET /index.f14af7aa5a430ee4772b.css.map HTTP/1.1" 304 - "-" "Mozilla/5.0 (Windows NT 6.1; WOW64) AppleWebKit/537.36 (KHTML, like Gecko) Chrome/53.0.2785.143 Safari/537.36"
::1 - - [Mon, 10 Oct 2016 01:47:24 GMT] "GET /js/common.f14af7aa5a430ee4772b.min.js.map HTTP/1.1" 304 - "-" "Mozilla/5.0 (Windows NT 6.1; WOW64) AppleWebKit/537.36 (KHTML, like Gecko) Chrome/53.0.2785.143 Safari/537.36"
::1 - - [Mon, 10 Oct 2016 01:47:24 GMT] "GET /js/index.f14af7aa5a430ee4772b.min.js.map HTTP/1.1" 304 - "-" "Mozilla/5.0 (Windows NT 6.1; WOW64) AppleWebKit/537.36 (KHTML, like Gecko) Chrome/53.0.2785.143 Safari/537.36"
::1 - - [Mon, 10 Oct 2016 01:47:34 GMT] "GET / HTTP/1.1" 304 - "-" "Mozilla/5.0 (Windows NT 6.1; WOW64) AppleWebKit/537.36 (KHTML, like Gecko) Chrome/53.0.2785.143 Safari/537.36"
::1 - - [Mon, 10 Oct 2016 01:47:34 GMT] "GET /index.f14af7aa5a430ee4772b.css HTTP/1.1" 304 - "http://localhost:8080/" "Mozilla/5.0 (Windows NT 6.1; WOW64) AppleWebKit/537.36 (KHTML, like Gecko) Chrome/53.0.2785.143 Safari/537.36"
::1 - - [Mon, 10 Oct 2016 01:47:34 GMT] "GET /js/common.f14af7aa5a430ee4772b.min.js HTTP/1.1" 304 - "http://localhost:8080/" "Mozilla/5.0 (Windows NT 6.1; WOW64) AppleWebKit/537.36 (KHTML, like Gecko) Chrome/53.0.2785.143 Safari/537.36"
::1 - - [Mon, 10 Oct 2016 01:47:34 GMT] "GET /js/index.f14af7aa5a430ee4772b.min.js HTTP/1.1" 304 - "http://localhost:8080/" "Mozilla/5.0 (Windows NT 6.1; WOW64) AppleWebKit/537.36 (KHTML, like Gecko) Chrome/53.0.2785.143 Safari/537.36"
::1 - - [Mon, 10 Oct 2016 01:47:34 GMT] "GET /index.f14af7aa5a430ee4772b.css.map HTTP/1.1" 304 - "-" "Mozilla/5.0 (Windows NT 6.1; WOW64) AppleWebKit/537.36 (KHTML, like Gecko) Chrome/53.0.2785.143 Safari/537.36"
::1 - - [Mon, 10 Oct 2016 01:47:34 GMT] "GET /js/common.f14af7aa5a430ee4772b.min.js.map HTTP/1.1" 304 - "-" "Mozilla/5.0 (Windows NT 6.1; WOW64) AppleWebKit/537.36 (KHTML, like Gecko) Chrome/53.0.2785.143 Safari/537.36"
::1 - - [Mon, 10 Oct 2016 01:47:34 GMT] "GET /js/index.f14af7aa5a430ee4772b.min.js.map HTTP/1.1" 304 - "-" "Mozilla/5.0 (Windows NT 6.1; WOW64) AppleWebKit/537.36 (KHTML, like Gecko) Chrome/53.0.2785.143 Safari/537.36"
::1 - - [Mon, 10 Oct 2016 01:49:43 GMT] "GET / HTTP/1.1" 500 1018 "-" "Mozilla/5.0 (Windows NT 6.1; WOW64) AppleWebKit/537.36 (KHTML, like Gecko) Chrome/53.0.2785.143 Safari/537.36"
::1 - - [Mon, 10 Oct 2016 01:50:58 GMT] "GET / HTTP/1.1" 500 1018 "-" "Mozilla/5.0 (Windows NT 6.1; WOW64) AppleWebKit/537.36 (KHTML, like Gecko) Chrome/53.0.2785.143 Safari/537.36"
::1 - - [Mon, 10 Oct 2016 01:50:59 GMT] "GET / HTTP/1.1" 500 1018 "-" "Mozilla/5.0 (Windows NT 6.1; WOW64) AppleWebKit/537.36 (KHTML, like Gecko) Chrome/53.0.2785.143 Safari/537.36"
::1 - - [Mon, 10 Oct 2016 01:52:16 GMT] "GET / HTTP/1.1" 500 1018 "-" "Mozilla/5.0 (Windows NT 6.1; WOW64) AppleWebKit/537.36 (KHTML, like Gecko) Chrome/53.0.2785.143 Safari/537.36"
::1 - - [Mon, 10 Oct 2016 02:04:06 GMT] "GET / HTTP/1.1" 200 585 "-" "Mozilla/5.0 (Windows NT 6.1; WOW64) AppleWebKit/537.36 (KHTML, like Gecko) Chrome/53.0.2785.143 Safari/537.36"
::1 - - [Mon, 10 Oct 2016 02:04:06 GMT] "GET /index.8b5c28bb1d79271a3758.css HTTP/1.1" 200 13221 "http://localhost:8080/" "Mozilla/5.0 (Windows NT 6.1; WOW64) AppleWebKit/537.36 (KHTML, like Gecko) Chrome/53.0.2785.143 Safari/537.36"
::1 - - [Mon, 10 Oct 2016 02:04:06 GMT] "GET /js/common.8b5c28bb1d79271a3758.min.js HTTP/1.1" 200 6638 "http://localhost:8080/" "Mozilla/5.0 (Windows NT 6.1; WOW64) AppleWebKit/537.36 (KHTML, like Gecko) Chrome/53.0.2785.143 Safari/537.36"
::1 - - [Mon, 10 Oct 2016 02:04:06 GMT] "GET /js/index.8b5c28bb1d79271a3758.min.js HTTP/1.1" 200 255512 "http://localhost:8080/" "Mozilla/5.0 (Windows NT 6.1; WOW64) AppleWebKit/537.36 (KHTML, like Gecko) Chrome/53.0.2785.143 Safari/537.36"
::1 - - [Mon, 10 Oct 2016 02:04:06 GMT] "GET /index.8b5c28bb1d79271a3758.css.map HTTP/1.1" 200 107 "-" "Mozilla/5.0 (Windows NT 6.1; WOW64) AppleWebKit/537.36 (KHTML, like Gecko) Chrome/53.0.2785.143 Safari/537.36"
::1 - - [Mon, 10 Oct 2016 02:04:07 GMT] "GET /js/common.8b5c28bb1d79271a3758.min.js.map HTTP/1.1" 200 60239 "-" "Mozilla/5.0 (Windows NT 6.1; WOW64) AppleWebKit/537.36 (KHTML, like Gecko) Chrome/53.0.2785.143 Safari/537.36"
::1 - - [Mon, 10 Oct 2016 02:04:07 GMT] "GET /js/index.8b5c28bb1d79271a3758.min.js.map HTTP/1.1" 200 2445215 "-" "Mozilla/5.0 (Windows NT 6.1; WOW64) AppleWebKit/537.36 (KHTML, like Gecko) Chrome/53.0.2785.143 Safari/537.36"
::1 - - [Mon, 10 Oct 2016 02:04:09 GMT] "GET / HTTP/1.1" 304 - "-" "Mozilla/5.0 (Windows NT 6.1; WOW64) AppleWebKit/537.36 (KHTML, like Gecko) Chrome/53.0.2785.143 Safari/537.36"
::1 - - [Mon, 10 Oct 2016 02:04:09 GMT] "GET /index.8b5c28bb1d79271a3758.css HTTP/1.1" 304 - "http://localhost:8080/" "Mozilla/5.0 (Windows NT 6.1; WOW64) AppleWebKit/537.36 (KHTML, like Gecko) Chrome/53.0.2785.143 Safari/537.36"
::1 - - [Mon, 10 Oct 2016 02:04:09 GMT] "GET /js/common.8b5c28bb1d79271a3758.min.js HTTP/1.1" 304 - "http://localhost:8080/" "Mozilla/5.0 (Windows NT 6.1; WOW64) AppleWebKit/537.36 (KHTML, like Gecko) Chrome/53.0.2785.143 Safari/537.36"
::1 - - [Mon, 10 Oct 2016 02:04:09 GMT] "GET /js/index.8b5c28bb1d79271a3758.min.js HTTP/1.1" 304 - "http://localhost:8080/" "Mozilla/5.0 (Windows NT 6.1; WOW64) AppleWebKit/537.36 (KHTML, like Gecko) Chrome/53.0.2785.143 Safari/537.36"
::1 - - [Mon, 10 Oct 2016 02:04:09 GMT] "GET /index.8b5c28bb1d79271a3758.css.map HTTP/1.1" 304 - "-" "Mozilla/5.0 (Windows NT 6.1; WOW64) AppleWebKit/537.36 (KHTML, like Gecko) Chrome/53.0.2785.143 Safari/537.36"
::1 - - [Mon, 10 Oct 2016 02:04:09 GMT] "GET /js/common.8b5c28bb1d79271a3758.min.js.map HTTP/1.1" 304 - "-" "Mozilla/5.0 (Windows NT 6.1; WOW64) AppleWebKit/537.36 (KHTML, like Gecko) Chrome/53.0.2785.143 Safari/537.36"
::1 - - [Mon, 10 Oct 2016 02:04:09 GMT] "GET /js/index.8b5c28bb1d79271a3758.min.js.map HTTP/1.1" 304 - "-" "Mozilla/5.0 (Windows NT 6.1; WOW64) AppleWebKit/537.36 (KHTML, like Gecko) Chrome/53.0.2785.143 Safari/537.36"
::1 - - [Mon, 10 Oct 2016 02:04:59 GMT] "GET / HTTP/1.1" 200 585 "-" "Mozilla/5.0 (Windows NT 6.1; WOW64) AppleWebKit/537.36 (KHTML, like Gecko) Chrome/53.0.2785.143 Safari/537.36"
::1 - - [Mon, 10 Oct 2016 02:04:59 GMT] "GET /index.8c7395b4578443e2300d.css HTTP/1.1" 200 13221 "http://localhost:8080/" "Mozilla/5.0 (Windows NT 6.1; WOW64) AppleWebKit/537.36 (KHTML, like Gecko) Chrome/53.0.2785.143 Safari/537.36"
::1 - - [Mon, 10 Oct 2016 02:04:59 GMT] "GET /js/common.8c7395b4578443e2300d.min.js HTTP/1.1" 200 6638 "http://localhost:8080/" "Mozilla/5.0 (Windows NT 6.1; WOW64) AppleWebKit/537.36 (KHTML, like Gecko) Chrome/53.0.2785.143 Safari/537.36"
::1 - - [Mon, 10 Oct 2016 02:04:59 GMT] "GET /js/index.8c7395b4578443e2300d.min.js HTTP/1.1" 200 255519 "http://localhost:8080/" "Mozilla/5.0 (Windows NT 6.1; WOW64) AppleWebKit/537.36 (KHTML, like Gecko) Chrome/53.0.2785.143 Safari/537.36"
::1 - - [Mon, 10 Oct 2016 02:04:59 GMT] "GET /index.8c7395b4578443e2300d.css.map HTTP/1.1" 200 107 "-" "Mozilla/5.0 (Windows NT 6.1; WOW64) AppleWebKit/537.36 (KHTML, like Gecko) Chrome/53.0.2785.143 Safari/537.36"
::1 - - [Mon, 10 Oct 2016 02:05:00 GMT] "GET /getUserInfo HTTP/1.1" 200 36 "http://localhost:8080/" "Mozilla/5.0 (Windows NT 6.1; WOW64) AppleWebKit/537.36 (KHTML, like Gecko) Chrome/53.0.2785.143 Safari/537.36"
::1 - - [Mon, 10 Oct 2016 02:05:00 GMT] "GET /js/common.8c7395b4578443e2300d.min.js.map HTTP/1.1" 200 60239 "-" "Mozilla/5.0 (Windows NT 6.1; WOW64) AppleWebKit/537.36 (KHTML, like Gecko) Chrome/53.0.2785.143 Safari/537.36"
::1 - - [Mon, 10 Oct 2016 02:05:00 GMT] "GET /newsList HTTP/1.1" 200 43 "http://localhost:8080/" "Mozilla/5.0 (Windows NT 6.1; WOW64) AppleWebKit/537.36 (KHTML, like Gecko) Chrome/53.0.2785.143 Safari/537.36"
::1 - - [Mon, 10 Oct 2016 02:05:00 GMT] "GET /js/index.8c7395b4578443e2300d.min.js.map HTTP/1.1" 200 2445229 "-" "Mozilla/5.0 (Windows NT 6.1; WOW64) AppleWebKit/537.36 (KHTML, like Gecko) Chrome/53.0.2785.143 Safari/537.36"
::1 - - [Mon, 10 Oct 2016 02:05:01 GMT] "GET / HTTP/1.1" 304 - "-" "Mozilla/5.0 (Windows NT 6.1; WOW64) AppleWebKit/537.36 (KHTML, like Gecko) Chrome/53.0.2785.143 Safari/537.36"
::1 - - [Mon, 10 Oct 2016 02:05:01 GMT] "GET /js/common.8c7395b4578443e2300d.min.js HTTP/1.1" 304 - "http://localhost:8080/" "Mozilla/5.0 (Windows NT 6.1; WOW64) AppleWebKit/537.36 (KHTML, like Gecko) Chrome/53.0.2785.143 Safari/537.36"
::1 - - [Mon, 10 Oct 2016 02:05:01 GMT] "GET /index.8c7395b4578443e2300d.css HTTP/1.1" 304 - "http://localhost:8080/" "Mozilla/5.0 (Windows NT 6.1; WOW64) AppleWebKit/537.36 (KHTML, like Gecko) Chrome/53.0.2785.143 Safari/537.36"
::1 - - [Mon, 10 Oct 2016 02:05:01 GMT] "GET /js/index.8c7395b4578443e2300d.min.js HTTP/1.1" 304 - "http://localhost:8080/" "Mozilla/5.0 (Windows NT 6.1; WOW64) AppleWebKit/537.36 (KHTML, like Gecko) Chrome/53.0.2785.143 Safari/537.36"
::1 - - [Mon, 10 Oct 2016 02:05:01 GMT] "GET /index.8c7395b4578443e2300d.css.map HTTP/1.1" 304 - "-" "Mozilla/5.0 (Windows NT 6.1; WOW64) AppleWebKit/537.36 (KHTML, like Gecko) Chrome/53.0.2785.143 Safari/537.36"
::1 - - [Mon, 10 Oct 2016 02:05:01 GMT] "GET /getUserInfo HTTP/1.1" 304 - "http://localhost:8080/" "Mozilla/5.0 (Windows NT 6.1; WOW64) AppleWebKit/537.36 (KHTML, like Gecko) Chrome/53.0.2785.143 Safari/537.36"
::1 - - [Mon, 10 Oct 2016 02:05:01 GMT] "GET /js/common.8c7395b4578443e2300d.min.js.map HTTP/1.1" 304 - "-" "Mozilla/5.0 (Windows NT 6.1; WOW64) AppleWebKit/537.36 (KHTML, like Gecko) Chrome/53.0.2785.143 Safari/537.36"
::1 - - [Mon, 10 Oct 2016 02:05:01 GMT] "GET /js/index.8c7395b4578443e2300d.min.js.map HTTP/1.1" 304 - "-" "Mozilla/5.0 (Windows NT 6.1; WOW64) AppleWebKit/537.36 (KHTML, like Gecko) Chrome/53.0.2785.143 Safari/537.36"
::1 - - [Mon, 10 Oct 2016 02:05:01 GMT] "GET /newsList HTTP/1.1" 304 - "http://localhost:8080/" "Mozilla/5.0 (Windows NT 6.1; WOW64) AppleWebKit/537.36 (KHTML, like Gecko) Chrome/53.0.2785.143 Safari/537.36"
::1 - - [Mon, 10 Oct 2016 02:05:04 GMT] "GET /js/2.8c7395b4578443e2300d.chunk.js HTTP/1.1" 200 3506 "http://localhost:8080/" "Mozilla/5.0 (Windows NT 6.1; WOW64) AppleWebKit/537.36 (KHTML, like Gecko) Chrome/53.0.2785.143 Safari/537.36"
::1 - - [Mon, 10 Oct 2016 02:05:04 GMT] "GET /js/2.8c7395b4578443e2300d.chunk.js.map HTTP/1.1" 200 16973 "-" "Mozilla/5.0 (Windows NT 6.1; WOW64) AppleWebKit/537.36 (KHTML, like Gecko) Chrome/53.0.2785.143 Safari/537.36"
::1 - - [Mon, 10 Oct 2016 02:05:05 GMT] "GET /newsList HTTP/1.1" 304 - "http://localhost:8080/" "Mozilla/5.0 (Windows NT 6.1; WOW64) AppleWebKit/537.36 (KHTML, like Gecko) Chrome/53.0.2785.143 Safari/537.36"
::1 - - [Mon, 10 Oct 2016 02:05:05 GMT] "GET /js/4.8c7395b4578443e2300d.chunk.js HTTP/1.1" 200 2245 "http://localhost:8080/" "Mozilla/5.0 (Windows NT 6.1; WOW64) AppleWebKit/537.36 (KHTML, like Gecko) Chrome/53.0.2785.143 Safari/537.36"
::1 - - [Mon, 10 Oct 2016 02:05:05 GMT] "GET /js/4.8c7395b4578443e2300d.chunk.js.map HTTP/1.1" 200 11923 "-" "Mozilla/5.0 (Windows NT 6.1; WOW64) AppleWebKit/537.36 (KHTML, like Gecko) Chrome/53.0.2785.143 Safari/537.36"
::1 - - [Mon, 10 Oct 2016 02:05:06 GMT] "GET /js/0.8c7395b4578443e2300d.chunk.js HTTP/1.1" 200 94738 "http://localhost:8080/" "Mozilla/5.0 (Windows NT 6.1; WOW64) AppleWebKit/537.36 (KHTML, like Gecko) Chrome/53.0.2785.143 Safari/537.36"
::1 - - [Mon, 10 Oct 2016 02:05:06 GMT] "GET /js/0.8c7395b4578443e2300d.chunk.js.map HTTP/1.1" 200 404081 "-" "Mozilla/5.0 (Windows NT 6.1; WOW64) AppleWebKit/537.36 (KHTML, like Gecko) Chrome/53.0.2785.143 Safari/537.36"
::1 - - [Mon, 10 Oct 2016 02:05:07 GMT] "GET /newsList HTTP/1.1" 304 - "http://localhost:8080/" "Mozilla/5.0 (Windows NT 6.1; WOW64) AppleWebKit/537.36 (KHTML, like Gecko) Chrome/53.0.2785.143 Safari/537.36"
::1 - - [Mon, 10 Oct 2016 02:05:07 GMT] "GET / HTTP/1.1" 304 - "-" "Mozilla/5.0 (Windows NT 6.1; WOW64) AppleWebKit/537.36 (KHTML, like Gecko) Chrome/53.0.2785.143 Safari/537.36"
::1 - - [Mon, 10 Oct 2016 02:05:07 GMT] "GET /about HTTP/1.1" - - "http://localhost:8080/" "Mozilla/5.0 (Windows NT 6.1; WOW64) AppleWebKit/537.36 (KHTML, like Gecko) Chrome/53.0.2785.143 Safari/537.36"
::1 - - [Mon, 10 Oct 2016 02:05:07 GMT] "GET /js/common.8c7395b4578443e2300d.min.js HTTP/1.1" 304 - "http://localhost:8080/" "Mozilla/5.0 (Windows NT 6.1; WOW64) AppleWebKit/537.36 (KHTML, like Gecko) Chrome/53.0.2785.143 Safari/537.36"
::1 - - [Mon, 10 Oct 2016 02:05:07 GMT] "GET /index.8c7395b4578443e2300d.css HTTP/1.1" 304 - "http://localhost:8080/" "Mozilla/5.0 (Windows NT 6.1; WOW64) AppleWebKit/537.36 (KHTML, like Gecko) Chrome/53.0.2785.143 Safari/537.36"
::1 - - [Mon, 10 Oct 2016 02:05:07 GMT] "GET /js/index.8c7395b4578443e2300d.min.js HTTP/1.1" 304 - "http://localhost:8080/" "Mozilla/5.0 (Windows NT 6.1; WOW64) AppleWebKit/537.36 (KHTML, like Gecko) Chrome/53.0.2785.143 Safari/537.36"
::1 - - [Mon, 10 Oct 2016 02:05:08 GMT] "GET /index.8c7395b4578443e2300d.css.map HTTP/1.1" 304 - "-" "Mozilla/5.0 (Windows NT 6.1; WOW64) AppleWebKit/537.36 (KHTML, like Gecko) Chrome/53.0.2785.143 Safari/537.36"
::1 - - [Mon, 10 Oct 2016 02:05:08 GMT] "GET /getUserInfo HTTP/1.1" 304 - "http://localhost:8080/" "Mozilla/5.0 (Windows NT 6.1; WOW64) AppleWebKit/537.36 (KHTML, like Gecko) Chrome/53.0.2785.143 Safari/537.36"
::1 - - [Mon, 10 Oct 2016 02:05:08 GMT] "GET /js/common.8c7395b4578443e2300d.min.js.map HTTP/1.1" 304 - "-" "Mozilla/5.0 (Windows NT 6.1; WOW64) AppleWebKit/537.36 (KHTML, like Gecko) Chrome/53.0.2785.143 Safari/537.36"
::1 - - [Mon, 10 Oct 2016 02:05:08 GMT] "GET /js/index.8c7395b4578443e2300d.min.js.map HTTP/1.1" 304 - "-" "Mozilla/5.0 (Windows NT 6.1; WOW64) AppleWebKit/537.36 (KHTML, like Gecko) Chrome/53.0.2785.143 Safari/537.36"
::1 - - [Mon, 10 Oct 2016 02:05:08 GMT] "GET /newsList HTTP/1.1" 304 - "http://localhost:8080/" "Mozilla/5.0 (Windows NT 6.1; WOW64) AppleWebKit/537.36 (KHTML, like Gecko) Chrome/53.0.2785.143 Safari/537.36"
::1 - - [Mon, 10 Oct 2016 02:05:53 GMT] "POST /reg HTTP/1.1" 200 - "http://localhost:8080/" "Mozilla/5.0 (Windows NT 6.1; WOW64) AppleWebKit/537.36 (KHTML, like Gecko) Chrome/53.0.2785.143 Safari/537.36"
::1 - - [Mon, 10 Oct 2016 02:12:42 GMT] "GET / HTTP/1.1" 304 - "-" "Mozilla/5.0 (Windows NT 6.1; WOW64) AppleWebKit/537.36 (KHTML, like Gecko) Chrome/53.0.2785.143 Safari/537.36"
::1 - - [Mon, 10 Oct 2016 02:12:42 GMT] "GET /js/common.8c7395b4578443e2300d.min.js HTTP/1.1" 304 - "http://localhost:8080/" "Mozilla/5.0 (Windows NT 6.1; WOW64) AppleWebKit/537.36 (KHTML, like Gecko) Chrome/53.0.2785.143 Safari/537.36"
::1 - - [Mon, 10 Oct 2016 02:12:42 GMT] "GET /index.8c7395b4578443e2300d.css HTTP/1.1" 304 - "http://localhost:8080/" "Mozilla/5.0 (Windows NT 6.1; WOW64) AppleWebKit/537.36 (KHTML, like Gecko) Chrome/53.0.2785.143 Safari/537.36"
::1 - - [Mon, 10 Oct 2016 02:12:42 GMT] "GET /js/index.8c7395b4578443e2300d.min.js HTTP/1.1" 304 - "http://localhost:8080/" "Mozilla/5.0 (Windows NT 6.1; WOW64) AppleWebKit/537.36 (KHTML, like Gecko) Chrome/53.0.2785.143 Safari/537.36"
::1 - - [Mon, 10 Oct 2016 02:12:42 GMT] "GET /index.8c7395b4578443e2300d.css.map HTTP/1.1" 304 - "-" "Mozilla/5.0 (Windows NT 6.1; WOW64) AppleWebKit/537.36 (KHTML, like Gecko) Chrome/53.0.2785.143 Safari/537.36"
::1 - - [Mon, 10 Oct 2016 02:12:42 GMT] "GET /getUserInfo HTTP/1.1" 304 - "http://localhost:8080/" "Mozilla/5.0 (Windows NT 6.1; WOW64) AppleWebKit/537.36 (KHTML, like Gecko) Chrome/53.0.2785.143 Safari/537.36"
::1 - - [Mon, 10 Oct 2016 02:12:42 GMT] "GET /js/common.8c7395b4578443e2300d.min.js.map HTTP/1.1" 304 - "-" "Mozilla/5.0 (Windows NT 6.1; WOW64) AppleWebKit/537.36 (KHTML, like Gecko) Chrome/53.0.2785.143 Safari/537.36"
::1 - - [Mon, 10 Oct 2016 02:12:42 GMT] "GET /js/index.8c7395b4578443e2300d.min.js.map HTTP/1.1" 304 - "-" "Mozilla/5.0 (Windows NT 6.1; WOW64) AppleWebKit/537.36 (KHTML, like Gecko) Chrome/53.0.2785.143 Safari/537.36"
::1 - - [Mon, 10 Oct 2016 02:12:42 GMT] "GET /newsList HTTP/1.1" 304 - "http://localhost:8080/" "Mozilla/5.0 (Windows NT 6.1; WOW64) AppleWebKit/537.36 (KHTML, like Gecko) Chrome/53.0.2785.143 Safari/537.36"
::1 - - [Mon, 10 Oct 2016 02:12:48 GMT] "POST /login HTTP/1.1" 200 - "http://localhost:8080/" "Mozilla/5.0 (Windows NT 6.1; WOW64) AppleWebKit/537.36 (KHTML, like Gecko) Chrome/53.0.2785.143 Safari/537.36"
::1 - - [Mon, 10 Oct 2016 02:12:49 GMT] "GET / HTTP/1.1" 304 - "-" "Mozilla/5.0 (Windows NT 6.1; WOW64) AppleWebKit/537.36 (KHTML, like Gecko) Chrome/53.0.2785.143 Safari/537.36"
::1 - - [Mon, 10 Oct 2016 02:12:49 GMT] "GET /index.8c7395b4578443e2300d.css HTTP/1.1" 304 - "http://localhost:8080/" "Mozilla/5.0 (Windows NT 6.1; WOW64) AppleWebKit/537.36 (KHTML, like Gecko) Chrome/53.0.2785.143 Safari/537.36"
::1 - - [Mon, 10 Oct 2016 02:12:49 GMT] "GET /js/common.8c7395b4578443e2300d.min.js HTTP/1.1" 304 - "http://localhost:8080/" "Mozilla/5.0 (Windows NT 6.1; WOW64) AppleWebKit/537.36 (KHTML, like Gecko) Chrome/53.0.2785.143 Safari/537.36"
::1 - - [Mon, 10 Oct 2016 02:12:49 GMT] "GET /js/index.8c7395b4578443e2300d.min.js HTTP/1.1" 304 - "http://localhost:8080/" "Mozilla/5.0 (Windows NT 6.1; WOW64) AppleWebKit/537.36 (KHTML, like Gecko) Chrome/53.0.2785.143 Safari/537.36"
::1 - - [Mon, 10 Oct 2016 02:12:49 GMT] "GET /index.8c7395b4578443e2300d.css.map HTTP/1.1" 304 - "-" "Mozilla/5.0 (Windows NT 6.1; WOW64) AppleWebKit/537.36 (KHTML, like Gecko) Chrome/53.0.2785.143 Safari/537.36"
::1 - - [Mon, 10 Oct 2016 02:12:49 GMT] "GET /getUserInfo HTTP/1.1" 200 64 "http://localhost:8080/" "Mozilla/5.0 (Windows NT 6.1; WOW64) AppleWebKit/537.36 (KHTML, like Gecko) Chrome/53.0.2785.143 Safari/537.36"
::1 - - [Mon, 10 Oct 2016 02:12:49 GMT] "GET /js/common.8c7395b4578443e2300d.min.js.map HTTP/1.1" 304 - "-" "Mozilla/5.0 (Windows NT 6.1; WOW64) AppleWebKit/537.36 (KHTML, like Gecko) Chrome/53.0.2785.143 Safari/537.36"
::1 - - [Mon, 10 Oct 2016 02:12:49 GMT] "GET /js/index.8c7395b4578443e2300d.min.js.map HTTP/1.1" 304 - "-" "Mozilla/5.0 (Windows NT 6.1; WOW64) AppleWebKit/537.36 (KHTML, like Gecko) Chrome/53.0.2785.143 Safari/537.36"
::1 - - [Mon, 10 Oct 2016 02:12:49 GMT] "GET /newsList HTTP/1.1" 304 - "http://localhost:8080/" "Mozilla/5.0 (Windows NT 6.1; WOW64) AppleWebKit/537.36 (KHTML, like Gecko) Chrome/53.0.2785.143 Safari/537.36"
::1 - - [Mon, 10 Oct 2016 02:12:51 GMT] "GET / HTTP/1.1" 304 - "-" "Mozilla/5.0 (Windows NT 6.1; WOW64) AppleWebKit/537.36 (KHTML, like Gecko) Chrome/53.0.2785.143 Safari/537.36"
::1 - - [Mon, 10 Oct 2016 02:12:51 GMT] "GET /index.8c7395b4578443e2300d.css HTTP/1.1" 304 - "http://localhost:8080/" "Mozilla/5.0 (Windows NT 6.1; WOW64) AppleWebKit/537.36 (KHTML, like Gecko) Chrome/53.0.2785.143 Safari/537.36"
::1 - - [Mon, 10 Oct 2016 02:12:51 GMT] "GET /js/common.8c7395b4578443e2300d.min.js HTTP/1.1" 304 - "http://localhost:8080/" "Mozilla/5.0 (Windows NT 6.1; WOW64) AppleWebKit/537.36 (KHTML, like Gecko) Chrome/53.0.2785.143 Safari/537.36"
::1 - - [Mon, 10 Oct 2016 02:12:51 GMT] "GET /js/index.8c7395b4578443e2300d.min.js HTTP/1.1" 304 - "http://localhost:8080/" "Mozilla/5.0 (Windows NT 6.1; WOW64) AppleWebKit/537.36 (KHTML, like Gecko) Chrome/53.0.2785.143 Safari/537.36"
::1 - - [Mon, 10 Oct 2016 02:12:51 GMT] "GET /index.8c7395b4578443e2300d.css.map HTTP/1.1" 304 - "-" "Mozilla/5.0 (Windows NT 6.1; WOW64) AppleWebKit/537.36 (KHTML, like Gecko) Chrome/53.0.2785.143 Safari/537.36"
::1 - - [Mon, 10 Oct 2016 02:12:51 GMT] "GET /js/common.8c7395b4578443e2300d.min.js.map HTTP/1.1" 304 - "-" "Mozilla/5.0 (Windows NT 6.1; WOW64) AppleWebKit/537.36 (KHTML, like Gecko) Chrome/53.0.2785.143 Safari/537.36"
::1 - - [Mon, 10 Oct 2016 02:12:51 GMT] "GET /getUserInfo HTTP/1.1" 304 - "http://localhost:8080/" "Mozilla/5.0 (Windows NT 6.1; WOW64) AppleWebKit/537.36 (KHTML, like Gecko) Chrome/53.0.2785.143 Safari/537.36"
::1 - - [Mon, 10 Oct 2016 02:12:51 GMT] "GET /js/index.8c7395b4578443e2300d.min.js.map HTTP/1.1" 304 - "-" "Mozilla/5.0 (Windows NT 6.1; WOW64) AppleWebKit/537.36 (KHTML, like Gecko) Chrome/53.0.2785.143 Safari/537.36"
::1 - - [Mon, 10 Oct 2016 02:12:51 GMT] "GET /newsList HTTP/1.1" 304 - "http://localhost:8080/" "Mozilla/5.0 (Windows NT 6.1; WOW64) AppleWebKit/537.36 (KHTML, like Gecko) Chrome/53.0.2785.143 Safari/537.36"
::1 - - [Mon, 10 Oct 2016 02:12:52 GMT] "GET / HTTP/1.1" 304 - "-" "Mozilla/5.0 (Windows NT 6.1; WOW64) AppleWebKit/537.36 (KHTML, like Gecko) Chrome/53.0.2785.143 Safari/537.36"
::1 - - [Mon, 10 Oct 2016 02:12:52 GMT] "GET /index.8c7395b4578443e2300d.css HTTP/1.1" 304 - "http://localhost:8080/" "Mozilla/5.0 (Windows NT 6.1; WOW64) AppleWebKit/537.36 (KHTML, like Gecko) Chrome/53.0.2785.143 Safari/537.36"
::1 - - [Mon, 10 Oct 2016 02:12:52 GMT] "GET /js/common.8c7395b4578443e2300d.min.js HTTP/1.1" 304 - "http://localhost:8080/" "Mozilla/5.0 (Windows NT 6.1; WOW64) AppleWebKit/537.36 (KHTML, like Gecko) Chrome/53.0.2785.143 Safari/537.36"
::1 - - [Mon, 10 Oct 2016 02:12:52 GMT] "GET /js/index.8c7395b4578443e2300d.min.js HTTP/1.1" 304 - "http://localhost:8080/" "Mozilla/5.0 (Windows NT 6.1; WOW64) AppleWebKit/537.36 (KHTML, like Gecko) Chrome/53.0.2785.143 Safari/537.36"
::1 - - [Mon, 10 Oct 2016 02:12:52 GMT] "GET /index.8c7395b4578443e2300d.css.map HTTP/1.1" 304 - "-" "Mozilla/5.0 (Windows NT 6.1; WOW64) AppleWebKit/537.36 (KHTML, like Gecko) Chrome/53.0.2785.143 Safari/537.36"
::1 - - [Mon, 10 Oct 2016 02:12:52 GMT] "GET /getUserInfo HTTP/1.1" 304 - "http://localhost:8080/" "Mozilla/5.0 (Windows NT 6.1; WOW64) AppleWebKit/537.36 (KHTML, like Gecko) Chrome/53.0.2785.143 Safari/537.36"
::1 - - [Mon, 10 Oct 2016 02:12:52 GMT] "GET /js/common.8c7395b4578443e2300d.min.js.map HTTP/1.1" 304 - "-" "Mozilla/5.0 (Windows NT 6.1; WOW64) AppleWebKit/537.36 (KHTML, like Gecko) Chrome/53.0.2785.143 Safari/537.36"
::1 - - [Mon, 10 Oct 2016 02:12:52 GMT] "GET /js/index.8c7395b4578443e2300d.min.js.map HTTP/1.1" 304 - "-" "Mozilla/5.0 (Windows NT 6.1; WOW64) AppleWebKit/537.36 (KHTML, like Gecko) Chrome/53.0.2785.143 Safari/537.36"
::1 - - [Mon, 10 Oct 2016 02:12:52 GMT] "GET /newsList HTTP/1.1" 304 - "http://localhost:8080/" "Mozilla/5.0 (Windows NT 6.1; WOW64) AppleWebKit/537.36 (KHTML, like Gecko) Chrome/53.0.2785.143 Safari/537.36"
::1 - - [Mon, 10 Oct 2016 02:12:53 GMT] "GET / HTTP/1.1" 304 - "-" "Mozilla/5.0 (Windows NT 6.1; WOW64) AppleWebKit/537.36 (KHTML, like Gecko) Chrome/53.0.2785.143 Safari/537.36"
::1 - - [Mon, 10 Oct 2016 02:12:53 GMT] "GET /index.8c7395b4578443e2300d.css HTTP/1.1" 304 - "http://localhost:8080/" "Mozilla/5.0 (Windows NT 6.1; WOW64) AppleWebKit/537.36 (KHTML, like Gecko) Chrome/53.0.2785.143 Safari/537.36"
::1 - - [Mon, 10 Oct 2016 02:12:53 GMT] "GET /js/common.8c7395b4578443e2300d.min.js HTTP/1.1" 304 - "http://localhost:8080/" "Mozilla/5.0 (Windows NT 6.1; WOW64) AppleWebKit/537.36 (KHTML, like Gecko) Chrome/53.0.2785.143 Safari/537.36"
::1 - - [Mon, 10 Oct 2016 02:12:53 GMT] "GET /js/index.8c7395b4578443e2300d.min.js HTTP/1.1" 304 - "http://localhost:8080/" "Mozilla/5.0 (Windows NT 6.1; WOW64) AppleWebKit/537.36 (KHTML, like Gecko) Chrome/53.0.2785.143 Safari/537.36"
::1 - - [Mon, 10 Oct 2016 02:12:53 GMT] "GET /index.8c7395b4578443e2300d.css.map HTTP/1.1" 304 - "-" "Mozilla/5.0 (Windows NT 6.1; WOW64) AppleWebKit/537.36 (KHTML, like Gecko) Chrome/53.0.2785.143 Safari/537.36"
::1 - - [Mon, 10 Oct 2016 02:12:53 GMT] "GET /getUserInfo HTTP/1.1" 304 - "http://localhost:8080/" "Mozilla/5.0 (Windows NT 6.1; WOW64) AppleWebKit/537.36 (KHTML, like Gecko) Chrome/53.0.2785.143 Safari/537.36"
::1 - - [Mon, 10 Oct 2016 02:12:53 GMT] "GET /js/common.8c7395b4578443e2300d.min.js.map HTTP/1.1" 304 - "-" "Mozilla/5.0 (Windows NT 6.1; WOW64) AppleWebKit/537.36 (KHTML, like Gecko) Chrome/53.0.2785.143 Safari/537.36"
::1 - - [Mon, 10 Oct 2016 02:12:53 GMT] "GET /js/index.8c7395b4578443e2300d.min.js.map HTTP/1.1" 304 - "-" "Mozilla/5.0 (Windows NT 6.1; WOW64) AppleWebKit/537.36 (KHTML, like Gecko) Chrome/53.0.2785.143 Safari/537.36"
::1 - - [Mon, 10 Oct 2016 02:12:53 GMT] "GET /newsList HTTP/1.1" 304 - "http://localhost:8080/" "Mozilla/5.0 (Windows NT 6.1; WOW64) AppleWebKit/537.36 (KHTML, like Gecko) Chrome/53.0.2785.143 Safari/537.36"
::1 - - [Mon, 10 Oct 2016 02:12:53 GMT] "GET / HTTP/1.1" 304 - "-" "Mozilla/5.0 (Windows NT 6.1; WOW64) AppleWebKit/537.36 (KHTML, like Gecko) Chrome/53.0.2785.143 Safari/537.36"
::1 - - [Mon, 10 Oct 2016 02:12:53 GMT] "GET /index.8c7395b4578443e2300d.css HTTP/1.1" 304 - "http://localhost:8080/" "Mozilla/5.0 (Windows NT 6.1; WOW64) AppleWebKit/537.36 (KHTML, like Gecko) Chrome/53.0.2785.143 Safari/537.36"
::1 - - [Mon, 10 Oct 2016 02:12:53 GMT] "GET /js/common.8c7395b4578443e2300d.min.js HTTP/1.1" 304 - "http://localhost:8080/" "Mozilla/5.0 (Windows NT 6.1; WOW64) AppleWebKit/537.36 (KHTML, like Gecko) Chrome/53.0.2785.143 Safari/537.36"
::1 - - [Mon, 10 Oct 2016 02:12:53 GMT] "GET /js/index.8c7395b4578443e2300d.min.js HTTP/1.1" 304 - "http://localhost:8080/" "Mozilla/5.0 (Windows NT 6.1; WOW64) AppleWebKit/537.36 (KHTML, like Gecko) Chrome/53.0.2785.143 Safari/537.36"
::1 - - [Mon, 10 Oct 2016 02:12:53 GMT] "GET /index.8c7395b4578443e2300d.css.map HTTP/1.1" 304 - "-" "Mozilla/5.0 (Windows NT 6.1; WOW64) AppleWebKit/537.36 (KHTML, like Gecko) Chrome/53.0.2785.143 Safari/537.36"
::1 - - [Mon, 10 Oct 2016 02:12:53 GMT] "GET /getUserInfo HTTP/1.1" 304 - "http://localhost:8080/" "Mozilla/5.0 (Windows NT 6.1; WOW64) AppleWebKit/537.36 (KHTML, like Gecko) Chrome/53.0.2785.143 Safari/537.36"
::1 - - [Mon, 10 Oct 2016 02:12:53 GMT] "GET /js/common.8c7395b4578443e2300d.min.js.map HTTP/1.1" 304 - "-" "Mozilla/5.0 (Windows NT 6.1; WOW64) AppleWebKit/537.36 (KHTML, like Gecko) Chrome/53.0.2785.143 Safari/537.36"
::1 - - [Mon, 10 Oct 2016 02:12:53 GMT] "GET /js/index.8c7395b4578443e2300d.min.js.map HTTP/1.1" 304 - "-" "Mozilla/5.0 (Windows NT 6.1; WOW64) AppleWebKit/537.36 (KHTML, like Gecko) Chrome/53.0.2785.143 Safari/537.36"
::1 - - [Mon, 10 Oct 2016 02:12:53 GMT] "GET /newsList HTTP/1.1" 304 - "http://localhost:8080/" "Mozilla/5.0 (Windows NT 6.1; WOW64) AppleWebKit/537.36 (KHTML, like Gecko) Chrome/53.0.2785.143 Safari/537.36"
::1 - - [Mon, 10 Oct 2016 02:12:54 GMT] "GET / HTTP/1.1" 304 - "-" "Mozilla/5.0 (Windows NT 6.1; WOW64) AppleWebKit/537.36 (KHTML, like Gecko) Chrome/53.0.2785.143 Safari/537.36"
::1 - - [Mon, 10 Oct 2016 02:12:54 GMT] "GET /index.8c7395b4578443e2300d.css HTTP/1.1" 304 - "http://localhost:8080/" "Mozilla/5.0 (Windows NT 6.1; WOW64) AppleWebKit/537.36 (KHTML, like Gecko) Chrome/53.0.2785.143 Safari/537.36"
::1 - - [Mon, 10 Oct 2016 02:12:54 GMT] "GET /js/index.8c7395b4578443e2300d.min.js HTTP/1.1" 304 - "http://localhost:8080/" "Mozilla/5.0 (Windows NT 6.1; WOW64) AppleWebKit/537.36 (KHTML, like Gecko) Chrome/53.0.2785.143 Safari/537.36"
::1 - - [Mon, 10 Oct 2016 02:12:54 GMT] "GET /js/common.8c7395b4578443e2300d.min.js HTTP/1.1" 304 - "http://localhost:8080/" "Mozilla/5.0 (Windows NT 6.1; WOW64) AppleWebKit/537.36 (KHTML, like Gecko) Chrome/53.0.2785.143 Safari/537.36"
::1 - - [Mon, 10 Oct 2016 02:12:54 GMT] "GET /index.8c7395b4578443e2300d.css.map HTTP/1.1" 304 - "-" "Mozilla/5.0 (Windows NT 6.1; WOW64) AppleWebKit/537.36 (KHTML, like Gecko) Chrome/53.0.2785.143 Safari/537.36"
::1 - - [Mon, 10 Oct 2016 02:12:54 GMT] "GET /getUserInfo HTTP/1.1" 304 - "http://localhost:8080/" "Mozilla/5.0 (Windows NT 6.1; WOW64) AppleWebKit/537.36 (KHTML, like Gecko) Chrome/53.0.2785.143 Safari/537.36"
::1 - - [Mon, 10 Oct 2016 02:12:54 GMT] "GET /js/common.8c7395b4578443e2300d.min.js.map HTTP/1.1" 304 - "-" "Mozilla/5.0 (Windows NT 6.1; WOW64) AppleWebKit/537.36 (KHTML, like Gecko) Chrome/53.0.2785.143 Safari/537.36"
::1 - - [Mon, 10 Oct 2016 02:12:54 GMT] "GET /js/index.8c7395b4578443e2300d.min.js.map HTTP/1.1" 304 - "-" "Mozilla/5.0 (Windows NT 6.1; WOW64) AppleWebKit/537.36 (KHTML, like Gecko) Chrome/53.0.2785.143 Safari/537.36"
::1 - - [Mon, 10 Oct 2016 02:12:54 GMT] "GET /newsList HTTP/1.1" 304 - "http://localhost:8080/" "Mozilla/5.0 (Windows NT 6.1; WOW64) AppleWebKit/537.36 (KHTML, like Gecko) Chrome/53.0.2785.143 Safari/537.36"
::1 - - [Mon, 10 Oct 2016 02:16:58 GMT] "GET / HTTP/1.1" 500 1018 "-" "Mozilla/5.0 (Windows NT 6.1; WOW64) AppleWebKit/537.36 (KHTML, like Gecko) Chrome/53.0.2785.143 Safari/537.36"
::1 - - [Mon, 10 Oct 2016 02:17:10 GMT] "GET /getUserInfo HTTP/1.1" 304 - "http://localhost:7070/" "Mozilla/5.0 (Windows NT 6.1; WOW64) AppleWebKit/537.36 (KHTML, like Gecko) Chrome/53.0.2785.143 Safari/537.36"
::1 - - [Mon, 10 Oct 2016 02:17:10 GMT] "GET /newsList HTTP/1.1" 304 - "http://localhost:7070/" "Mozilla/5.0 (Windows NT 6.1; WOW64) AppleWebKit/537.36 (KHTML, like Gecko) Chrome/53.0.2785.143 Safari/537.36"
::1 - - [Mon, 10 Oct 2016 02:18:29 GMT] "GET / HTTP/1.1" 500 1551 "-" "Mozilla/5.0 (Windows NT 6.1; WOW64) AppleWebKit/537.36 (KHTML, like Gecko) Chrome/53.0.2785.143 Safari/537.36"
::1 - - [Mon, 10 Oct 2016 02:18:30 GMT] "GET / HTTP/1.1" 500 1551 "-" "Mozilla/5.0 (Windows NT 6.1; WOW64) AppleWebKit/537.36 (KHTML, like Gecko) Chrome/53.0.2785.143 Safari/537.36"
::1 - - [Mon, 10 Oct 2016 02:21:54 GMT] "GET / HTTP/1.1" 500 1551 "-" "Mozilla/5.0 (Windows NT 6.1; WOW64) AppleWebKit/537.36 (KHTML, like Gecko) Chrome/53.0.2785.143 Safari/537.36"
::1 - - [Mon, 10 Oct 2016 02:22:02 GMT] "GET / HTTP/1.1" 500 1551 "-" "Mozilla/5.0 (Windows NT 6.1; WOW64) AppleWebKit/537.36 (KHTML, like Gecko) Chrome/53.0.2785.143 Safari/537.36"
::1 - - [Mon, 10 Oct 2016 02:22:03 GMT] "GET / HTTP/1.1" 500 1551 "-" "Mozilla/5.0 (Windows NT 6.1; WOW64) AppleWebKit/537.36 (KHTML, like Gecko) Chrome/53.0.2785.143 Safari/537.36"
::1 - - [Mon, 10 Oct 2016 03:24:49 GMT] "GET / HTTP/1.1" 500 1018 "-" "Mozilla/5.0 (Windows NT 6.1; WOW64) AppleWebKit/537.36 (KHTML, like Gecko) Chrome/53.0.2785.143 Safari/537.36"
::1 - - [Mon, 10 Oct 2016 03:24:50 GMT] "GET / HTTP/1.1" 500 1018 "-" "Mozilla/5.0 (Windows NT 6.1; WOW64) AppleWebKit/537.36 (KHTML, like Gecko) Chrome/53.0.2785.143 Safari/537.36"
::1 - - [Mon, 10 Oct 2016 03:54:30 GMT] "GET / HTTP/1.1" 500 1018 "-" "Mozilla/5.0 (Windows NT 6.1; WOW64) AppleWebKit/537.36 (KHTML, like Gecko) Chrome/53.0.2785.143 Safari/537.36"
::1 - - [Mon, 10 Oct 2016 05:43:17 GMT] "GET /getUserInfo HTTP/1.1" 304 - "http://localhost:8080/" "Mozilla/5.0 (Windows NT 6.1; WOW64) AppleWebKit/537.36 (KHTML, like Gecko) Chrome/53.0.2785.143 Safari/537.36"
::1 - - [Mon, 10 Oct 2016 05:43:17 GMT] "GET /js/es6-promise.map HTTP/1.1" 404 31 "-" "Mozilla/5.0 (Windows NT 6.1; WOW64) AppleWebKit/537.36 (KHTML, like Gecko) Chrome/53.0.2785.143 Safari/537.36"
::1 - - [Mon, 10 Oct 2016 05:43:18 GMT] "GET /newsList HTTP/1.1" 304 - "http://localhost:8080/" "Mozilla/5.0 (Windows NT 6.1; WOW64) AppleWebKit/537.36 (KHTML, like Gecko) Chrome/53.0.2785.143 Safari/537.36"
::1 - - [Mon, 10 Oct 2016 05:43:37 GMT] "GET /newsList HTTP/1.1" 304 - "http://localhost:8080/" "Mozilla/5.0 (Windows NT 6.1; WOW64) AppleWebKit/537.36 (KHTML, like Gecko) Chrome/53.0.2785.143 Safari/537.36"
::1 - - [Mon, 10 Oct 2016 05:43:41 GMT] "GET /getUserInfo HTTP/1.1" 304 - "http://localhost:8080/" "Mozilla/5.0 (Windows NT 6.1; WOW64) AppleWebKit/537.36 (KHTML, like Gecko) Chrome/53.0.2785.143 Safari/537.36"
::1 - - [Mon, 10 Oct 2016 05:43:41 GMT] "GET /js/es6-promise.map HTTP/1.1" 404 31 "-" "Mozilla/5.0 (Windows NT 6.1; WOW64) AppleWebKit/537.36 (KHTML, like Gecko) Chrome/53.0.2785.143 Safari/537.36"
::1 - - [Mon, 10 Oct 2016 05:43:41 GMT] "GET /newsList HTTP/1.1" 304 - "http://localhost:8080/" "Mozilla/5.0 (Windows NT 6.1; WOW64) AppleWebKit/537.36 (KHTML, like Gecko) Chrome/53.0.2785.143 Safari/537.36"
::1 - - [Mon, 10 Oct 2016 05:43:42 GMT] "GET /getUserInfo HTTP/1.1" 304 - "http://localhost:8080/" "Mozilla/5.0 (Windows NT 6.1; WOW64) AppleWebKit/537.36 (KHTML, like Gecko) Chrome/53.0.2785.143 Safari/537.36"
::1 - - [Mon, 10 Oct 2016 05:43:42 GMT] "GET /js/es6-promise.map HTTP/1.1" 404 31 "-" "Mozilla/5.0 (Windows NT 6.1; WOW64) AppleWebKit/537.36 (KHTML, like Gecko) Chrome/53.0.2785.143 Safari/537.36"
::1 - - [Mon, 10 Oct 2016 05:43:42 GMT] "GET /newsList HTTP/1.1" 304 - "http://localhost:8080/" "Mozilla/5.0 (Windows NT 6.1; WOW64) AppleWebKit/537.36 (KHTML, like Gecko) Chrome/53.0.2785.143 Safari/537.36"
::1 - - [Mon, 10 Oct 2016 05:44:39 GMT] "GET /getUserInfo HTTP/1.1" 304 - "http://localhost:8080/" "Mozilla/5.0 (Windows NT 6.1; WOW64) AppleWebKit/537.36 (KHTML, like Gecko) Chrome/53.0.2785.143 Safari/537.36"
::1 - - [Mon, 10 Oct 2016 05:44:39 GMT] "GET /js/es6-promise.map HTTP/1.1" 404 31 "-" "Mozilla/5.0 (Windows NT 6.1; WOW64) AppleWebKit/537.36 (KHTML, like Gecko) Chrome/53.0.2785.143 Safari/537.36"
::1 - - [Mon, 10 Oct 2016 05:44:39 GMT] "GET /newsList HTTP/1.1" 304 - "http://localhost:8080/" "Mozilla/5.0 (Windows NT 6.1; WOW64) AppleWebKit/537.36 (KHTML, like Gecko) Chrome/53.0.2785.143 Safari/537.36"
::1 - - [Mon, 10 Oct 2016 05:45:08 GMT] "GET /js/es6-promise.map HTTP/1.1" 404 31 "-" "Mozilla/5.0 (Windows NT 6.1; WOW64) AppleWebKit/537.36 (KHTML, like Gecko) Chrome/53.0.2785.143 Safari/537.36"
::1 - - [Mon, 10 Oct 2016 05:45:27 GMT] "GET /getUserInfo HTTP/1.1" 304 - "http://localhost:8080/" "Mozilla/5.0 (Windows NT 6.1; WOW64) AppleWebKit/537.36 (KHTML, like Gecko) Chrome/53.0.2785.143 Safari/537.36"
::1 - - [Mon, 10 Oct 2016 05:45:27 GMT] "GET /js/es6-promise.map HTTP/1.1" 404 31 "-" "Mozilla/5.0 (Windows NT 6.1; WOW64) AppleWebKit/537.36 (KHTML, like Gecko) Chrome/53.0.2785.143 Safari/537.36"
::1 - - [Mon, 10 Oct 2016 05:45:27 GMT] "GET /newsList HTTP/1.1" 304 - "http://localhost:8080/" "Mozilla/5.0 (Windows NT 6.1; WOW64) AppleWebKit/537.36 (KHTML, like Gecko) Chrome/53.0.2785.143 Safari/537.36"
::1 - - [Mon, 10 Oct 2016 05:48:05 GMT] "GET /getUserInfo HTTP/1.1" 304 - "http://localhost:8080/" "Mozilla/5.0 (Windows NT 6.1; WOW64) AppleWebKit/537.36 (KHTML, like Gecko) Chrome/53.0.2785.143 Safari/537.36"
::1 - - [Mon, 10 Oct 2016 05:48:05 GMT] "GET /js/es6-promise.map HTTP/1.1" 404 31 "-" "Mozilla/5.0 (Windows NT 6.1; WOW64) AppleWebKit/537.36 (KHTML, like Gecko) Chrome/53.0.2785.143 Safari/537.36"
::1 - - [Mon, 10 Oct 2016 05:48:06 GMT] "GET /newsList HTTP/1.1" 304 - "http://localhost:8080/" "Mozilla/5.0 (Windows NT 6.1; WOW64) AppleWebKit/537.36 (KHTML, like Gecko) Chrome/53.0.2785.143 Safari/537.36"
::1 - - [Mon, 10 Oct 2016 05:48:35 GMT] "GET /js/es6-promise.map HTTP/1.1" 404 31 "-" "Mozilla/5.0 (Windows NT 6.1; WOW64) AppleWebKit/537.36 (KHTML, like Gecko) Chrome/53.0.2785.143 Safari/537.36"
::1 - - [Mon, 10 Oct 2016 06:02:00 GMT] "GET / HTTP/1.1" 500 1551 "-" "Mozilla/5.0 (Windows NT 6.1; WOW64) AppleWebKit/537.36 (KHTML, like Gecko) Chrome/53.0.2785.143 Safari/537.36"
::1 - - [Mon, 10 Oct 2016 06:02:02 GMT] "GET / HTTP/1.1" 500 1551 "-" "Mozilla/5.0 (Windows NT 6.1; WOW64) AppleWebKit/537.36 (KHTML, like Gecko) Chrome/53.0.2785.143 Safari/537.36"
::1 - - [Mon, 10 Oct 2016 06:03:34 GMT] "GET / HTTP/1.1" 404 13 "-" "Mozilla/5.0 (Windows NT 6.1; WOW64) AppleWebKit/537.36 (KHTML, like Gecko) Chrome/53.0.2785.143 Safari/537.36"
::1 - - [Mon, 10 Oct 2016 06:03:36 GMT] "GET / HTTP/1.1" 404 13 "-" "Mozilla/5.0 (Windows NT 6.1; WOW64) AppleWebKit/537.36 (KHTML, like Gecko) Chrome/53.0.2785.143 Safari/537.36"
::1 - - [Mon, 10 Oct 2016 06:03:37 GMT] "GET / HTTP/1.1" 404 13 "-" "Mozilla/5.0 (Windows NT 6.1; WOW64) AppleWebKit/537.36 (KHTML, like Gecko) Chrome/53.0.2785.143 Safari/537.36"
::1 - - [Mon, 10 Oct 2016 06:03:38 GMT] "GET / HTTP/1.1" 404 13 "-" "Mozilla/5.0 (Windows NT 6.1; WOW64) AppleWebKit/537.36 (KHTML, like Gecko) Chrome/53.0.2785.143 Safari/537.36"
::1 - - [Mon, 10 Oct 2016 06:03:42 GMT] "GET / HTTP/1.1" 404 13 "-" "Mozilla/5.0 (Windows NT 6.1; WOW64) AppleWebKit/537.36 (KHTML, like Gecko) Chrome/53.0.2785.143 Safari/537.36"
::1 - - [Mon, 10 Oct 2016 06:04:01 GMT] "GET /getUserInfo HTTP/1.1" 304 - "http://localhost:7070/" "Mozilla/5.0 (Windows NT 6.1; WOW64) AppleWebKit/537.36 (KHTML, like Gecko) Chrome/53.0.2785.143 Safari/537.36"
::1 - - [Mon, 10 Oct 2016 06:04:01 GMT] "GET /newsList HTTP/1.1" 304 - "http://localhost:7070/" "Mozilla/5.0 (Windows NT 6.1; WOW64) AppleWebKit/537.36 (KHTML, like Gecko) Chrome/53.0.2785.143 Safari/537.36"
::1 - - [Mon, 10 Oct 2016 06:04:09 GMT] "GET /getUserInfo HTTP/1.1" 304 - "http://localhost:7070/" "Mozilla/5.0 (Windows NT 6.1; WOW64) AppleWebKit/537.36 (KHTML, like Gecko) Chrome/53.0.2785.143 Safari/537.36"
::1 - - [Mon, 10 Oct 2016 06:04:10 GMT] "GET /newsList HTTP/1.1" 304 - "http://localhost:7070/" "Mozilla/5.0 (Windows NT 6.1; WOW64) AppleWebKit/537.36 (KHTML, like Gecko) Chrome/53.0.2785.143 Safari/537.36"
::1 - - [Mon, 10 Oct 2016 06:05:08 GMT] "GET /getUserInfo HTTP/1.1" 304 - "http://localhost:7070/" "Mozilla/5.0 (Windows NT 6.1; WOW64) AppleWebKit/537.36 (KHTML, like Gecko) Chrome/53.0.2785.143 Safari/537.36"
::1 - - [Mon, 10 Oct 2016 06:05:08 GMT] "GET /newsList HTTP/1.1" 304 - "http://localhost:7070/" "Mozilla/5.0 (Windows NT 6.1; WOW64) AppleWebKit/537.36 (KHTML, like Gecko) Chrome/53.0.2785.143 Safari/537.36"
::1 - - [Mon, 10 Oct 2016 06:06:47 GMT] "GET /getUserInfo HTTP/1.1" 304 - "http://localhost:7070/" "Mozilla/5.0 (Windows NT 6.1; WOW64) AppleWebKit/537.36 (KHTML, like Gecko) Chrome/53.0.2785.143 Safari/537.36"
::1 - - [Mon, 10 Oct 2016 06:06:47 GMT] "GET /newsList HTTP/1.1" 304 - "http://localhost:7070/" "Mozilla/5.0 (Windows NT 6.1; WOW64) AppleWebKit/537.36 (KHTML, like Gecko) Chrome/53.0.2785.143 Safari/537.36"
::1 - - [Mon, 10 Oct 2016 06:07:01 GMT] "GET /getUserInfo HTTP/1.1" 304 - "http://localhost:7070/" "Mozilla/5.0 (Windows NT 6.1; WOW64) AppleWebKit/537.36 (KHTML, like Gecko) Chrome/53.0.2785.143 Safari/537.36"
::1 - - [Mon, 10 Oct 2016 06:07:01 GMT] "GET /newsList HTTP/1.1" 304 - "http://localhost:7070/" "Mozilla/5.0 (Windows NT 6.1; WOW64) AppleWebKit/537.36 (KHTML, like Gecko) Chrome/53.0.2785.143 Safari/537.36"
::1 - - [Mon, 10 Oct 2016 06:07:03 GMT] "GET /getUserInfo HTTP/1.1" 304 - "http://localhost:7070/" "Mozilla/5.0 (Windows NT 6.1; WOW64) AppleWebKit/537.36 (KHTML, like Gecko) Chrome/53.0.2785.143 Safari/537.36"
::1 - - [Mon, 10 Oct 2016 06:07:03 GMT] "GET /newsList HTTP/1.1" 304 - "http://localhost:7070/" "Mozilla/5.0 (Windows NT 6.1; WOW64) AppleWebKit/537.36 (KHTML, like Gecko) Chrome/53.0.2785.143 Safari/537.36"
::1 - - [Mon, 10 Oct 2016 06:07:04 GMT] "GET /getUserInfo HTTP/1.1" 304 - "http://localhost:7070/" "Mozilla/5.0 (Windows NT 6.1; WOW64) AppleWebKit/537.36 (KHTML, like Gecko) Chrome/53.0.2785.143 Safari/537.36"
::1 - - [Mon, 10 Oct 2016 06:07:04 GMT] "GET /newsList HTTP/1.1" 304 - "http://localhost:7070/" "Mozilla/5.0 (Windows NT 6.1; WOW64) AppleWebKit/537.36 (KHTML, like Gecko) Chrome/53.0.2785.143 Safari/537.36"
::1 - - [Mon, 10 Oct 2016 06:07:06 GMT] "GET /newsList HTTP/1.1" 304 - "http://localhost:7070/" "Mozilla/5.0 (Windows NT 6.1; WOW64) AppleWebKit/537.36 (KHTML, like Gecko) Chrome/53.0.2785.143 Safari/537.36"
::1 - - [Mon, 10 Oct 2016 06:07:08 GMT] "GET /getUserInfo HTTP/1.1" 304 - "http://localhost:7070/" "Mozilla/5.0 (Windows NT 6.1; WOW64) AppleWebKit/537.36 (KHTML, like Gecko) Chrome/53.0.2785.143 Safari/537.36"
::1 - - [Mon, 10 Oct 2016 06:07:08 GMT] "GET /newsList HTTP/1.1" 304 - "http://localhost:7070/" "Mozilla/5.0 (Windows NT 6.1; WOW64) AppleWebKit/537.36 (KHTML, like Gecko) Chrome/53.0.2785.143 Safari/537.36"
::1 - - [Mon, 10 Oct 2016 06:07:11 GMT] "GET / HTTP/1.1" 404 13 "-" "Mozilla/5.0 (Windows NT 6.1; WOW64) AppleWebKit/537.36 (KHTML, like Gecko) Chrome/53.0.2785.143 Safari/537.36"
::1 - - [Mon, 10 Oct 2016 06:10:56 GMT] "GET / HTTP/1.1" 200 585 "-" "Mozilla/5.0 (Windows NT 6.1; WOW64) AppleWebKit/537.36 (KHTML, like Gecko) Chrome/53.0.2785.143 Safari/537.36"
::1 - - [Mon, 10 Oct 2016 06:10:56 GMT] "GET /index.8c7395b4578443e2300d.css HTTP/1.1" 200 13221 "http://localhost:8080/" "Mozilla/5.0 (Windows NT 6.1; WOW64) AppleWebKit/537.36 (KHTML, like Gecko) Chrome/53.0.2785.143 Safari/537.36"
::1 - - [Mon, 10 Oct 2016 06:10:56 GMT] "GET /js/common.8c7395b4578443e2300d.min.js HTTP/1.1" 200 6638 "http://localhost:8080/" "Mozilla/5.0 (Windows NT 6.1; WOW64) AppleWebKit/537.36 (KHTML, like Gecko) Chrome/53.0.2785.143 Safari/537.36"
::1 - - [Mon, 10 Oct 2016 06:10:56 GMT] "GET /js/index.8c7395b4578443e2300d.min.js HTTP/1.1" 200 255519 "http://localhost:8080/" "Mozilla/5.0 (Windows NT 6.1; WOW64) AppleWebKit/537.36 (KHTML, like Gecko) Chrome/53.0.2785.143 Safari/537.36"
::1 - - [Mon, 10 Oct 2016 06:10:56 GMT] "GET /index.8c7395b4578443e2300d.css.map HTTP/1.1" 200 107 "-" "Mozilla/5.0 (Windows NT 6.1; WOW64) AppleWebKit/537.36 (KHTML, like Gecko) Chrome/53.0.2785.143 Safari/537.36"
::1 - - [Mon, 10 Oct 2016 06:10:56 GMT] "GET /getUserInfo HTTP/1.1" 304 - "http://localhost:8080/" "Mozilla/5.0 (Windows NT 6.1; WOW64) AppleWebKit/537.36 (KHTML, like Gecko) Chrome/53.0.2785.143 Safari/537.36"
::1 - - [Mon, 10 Oct 2016 06:10:56 GMT] "GET /js/common.8c7395b4578443e2300d.min.js.map HTTP/1.1" 200 60239 "-" "Mozilla/5.0 (Windows NT 6.1; WOW64) AppleWebKit/537.36 (KHTML, like Gecko) Chrome/53.0.2785.143 Safari/537.36"
::1 - - [Mon, 10 Oct 2016 06:10:56 GMT] "GET /newsList HTTP/1.1" 304 - "http://localhost:8080/" "Mozilla/5.0 (Windows NT 6.1; WOW64) AppleWebKit/537.36 (KHTML, like Gecko) Chrome/53.0.2785.143 Safari/537.36"
::1 - - [Mon, 10 Oct 2016 06:10:56 GMT] "GET /js/index.8c7395b4578443e2300d.min.js.map HTTP/1.1" 200 2445229 "-" "Mozilla/5.0 (Windows NT 6.1; WOW64) AppleWebKit/537.36 (KHTML, like Gecko) Chrome/53.0.2785.143 Safari/537.36"
::1 - - [Mon, 10 Oct 2016 06:11:07 GMT] "GET /js/2.8c7395b4578443e2300d.chunk.js HTTP/1.1" 200 3506 "http://localhost:8080/" "Mozilla/5.0 (Windows NT 6.1; WOW64) AppleWebKit/537.36 (KHTML, like Gecko) Chrome/53.0.2785.143 Safari/537.36"
::1 - - [Mon, 10 Oct 2016 06:11:07 GMT] "GET /js/2.8c7395b4578443e2300d.chunk.js.map HTTP/1.1" 200 16973 "-" "Mozilla/5.0 (Windows NT 6.1; WOW64) AppleWebKit/537.36 (KHTML, like Gecko) Chrome/53.0.2785.143 Safari/537.36"
::1 - - [Mon, 10 Oct 2016 06:11:08 GMT] "GET /newsList HTTP/1.1" 304 - "http://localhost:8080/" "Mozilla/5.0 (Windows NT 6.1; WOW64) AppleWebKit/537.36 (KHTML, like Gecko) Chrome/53.0.2785.143 Safari/537.36"
::1 - - [Mon, 10 Oct 2016 06:11:09 GMT] "GET /js/4.8c7395b4578443e2300d.chunk.js HTTP/1.1" 200 2245 "http://localhost:8080/" "Mozilla/5.0 (Windows NT 6.1; WOW64) AppleWebKit/537.36 (KHTML, like Gecko) Chrome/53.0.2785.143 Safari/537.36"
::1 - - [Mon, 10 Oct 2016 06:11:09 GMT] "GET /js/4.8c7395b4578443e2300d.chunk.js.map HTTP/1.1" 200 11923 "-" "Mozilla/5.0 (Windows NT 6.1; WOW64) AppleWebKit/537.36 (KHTML, like Gecko) Chrome/53.0.2785.143 Safari/537.36"
::1 - - [Mon, 10 Oct 2016 06:11:17 GMT] "GET /newsList HTTP/1.1" 304 - "http://localhost:8080/" "Mozilla/5.0 (Windows NT 6.1; WOW64) AppleWebKit/537.36 (KHTML, like Gecko) Chrome/53.0.2785.143 Safari/537.36"
::1 - - [Mon, 10 Oct 2016 06:11:19 GMT] "GET /js/0.8c7395b4578443e2300d.chunk.js HTTP/1.1" 200 94738 "http://localhost:8080/" "Mozilla/5.0 (Windows NT 6.1; WOW64) AppleWebKit/537.36 (KHTML, like Gecko) Chrome/53.0.2785.143 Safari/537.36"
::1 - - [Mon, 10 Oct 2016 06:11:19 GMT] "GET /js/0.8c7395b4578443e2300d.chunk.js.map HTTP/1.1" 200 404081 "-" "Mozilla/5.0 (Windows NT 6.1; WOW64) AppleWebKit/537.36 (KHTML, like Gecko) Chrome/53.0.2785.143 Safari/537.36"
::1 - - [Mon, 10 Oct 2016 06:11:20 GMT] "GET /newsList HTTP/1.1" 304 - "http://localhost:8080/" "Mozilla/5.0 (Windows NT 6.1; WOW64) AppleWebKit/537.36 (KHTML, like Gecko) Chrome/53.0.2785.143 Safari/537.36"
::1 - - [Mon, 10 Oct 2016 06:11:23 GMT] "GET / HTTP/1.1" 304 - "-" "Mozilla/5.0 (Windows NT 6.1; WOW64) AppleWebKit/537.36 (KHTML, like Gecko) Chrome/53.0.2785.143 Safari/537.36"
::1 - - [Mon, 10 Oct 2016 06:11:23 GMT] "GET /about HTTP/1.1" - - "http://localhost:8080/" "Mozilla/5.0 (Windows NT 6.1; WOW64) AppleWebKit/537.36 (KHTML, like Gecko) Chrome/53.0.2785.143 Safari/537.36"
::1 - - [Mon, 10 Oct 2016 06:11:23 GMT] "GET /about HTTP/1.1" - - "http://localhost:8080/" "Mozilla/5.0 (Windows NT 6.1; WOW64) AppleWebKit/537.36 (KHTML, like Gecko) Chrome/53.0.2785.143 Safari/537.36"
::1 - - [Mon, 10 Oct 2016 06:11:23 GMT] "GET /index.8c7395b4578443e2300d.css HTTP/1.1" 304 - "http://localhost:8080/" "Mozilla/5.0 (Windows NT 6.1; WOW64) AppleWebKit/537.36 (KHTML, like Gecko) Chrome/53.0.2785.143 Safari/537.36"
::1 - - [Mon, 10 Oct 2016 06:11:23 GMT] "GET /js/common.8c7395b4578443e2300d.min.js HTTP/1.1" 304 - "http://localhost:8080/" "Mozilla/5.0 (Windows NT 6.1; WOW64) AppleWebKit/537.36 (KHTML, like Gecko) Chrome/53.0.2785.143 Safari/537.36"
::1 - - [Mon, 10 Oct 2016 06:11:23 GMT] "GET /js/index.8c7395b4578443e2300d.min.js HTTP/1.1" 304 - "http://localhost:8080/" "Mozilla/5.0 (Windows NT 6.1; WOW64) AppleWebKit/537.36 (KHTML, like Gecko) Chrome/53.0.2785.143 Safari/537.36"
::1 - - [Mon, 10 Oct 2016 06:11:23 GMT] "GET /index.8c7395b4578443e2300d.css.map HTTP/1.1" 304 - "-" "Mozilla/5.0 (Windows NT 6.1; WOW64) AppleWebKit/537.36 (KHTML, like Gecko) Chrome/53.0.2785.143 Safari/537.36"
::1 - - [Mon, 10 Oct 2016 06:11:23 GMT] "GET /getUserInfo HTTP/1.1" 304 - "http://localhost:8080/" "Mozilla/5.0 (Windows NT 6.1; WOW64) AppleWebKit/537.36 (KHTML, like Gecko) Chrome/53.0.2785.143 Safari/537.36"
::1 - - [Mon, 10 Oct 2016 06:11:23 GMT] "GET /js/common.8c7395b4578443e2300d.min.js.map HTTP/1.1" 304 - "-" "Mozilla/5.0 (Windows NT 6.1; WOW64) AppleWebKit/537.36 (KHTML, like Gecko) Chrome/53.0.2785.143 Safari/537.36"
::1 - - [Mon, 10 Oct 2016 06:11:23 GMT] "GET /js/index.8c7395b4578443e2300d.min.js.map HTTP/1.1" 304 - "-" "Mozilla/5.0 (Windows NT 6.1; WOW64) AppleWebKit/537.36 (KHTML, like Gecko) Chrome/53.0.2785.143 Safari/537.36"
::1 - - [Mon, 10 Oct 2016 06:11:23 GMT] "GET /newsList HTTP/1.1" 304 - "http://localhost:8080/" "Mozilla/5.0 (Windows NT 6.1; WOW64) AppleWebKit/537.36 (KHTML, like Gecko) Chrome/53.0.2785.143 Safari/537.36"
::1 - - [Mon, 10 Oct 2016 06:11:28 GMT] "GET /getUserInfo HTTP/1.1" 304 - "http://localhost:7070/" "Mozilla/5.0 (Windows NT 6.1; WOW64) AppleWebKit/537.36 (KHTML, like Gecko) Chrome/53.0.2785.143 Safari/537.36"
::1 - - [Mon, 10 Oct 2016 06:11:28 GMT] "GET /newsList HTTP/1.1" 304 - "http://localhost:7070/" "Mozilla/5.0 (Windows NT 6.1; WOW64) AppleWebKit/537.36 (KHTML, like Gecko) Chrome/53.0.2785.143 Safari/537.36"
::1 - - [Mon, 10 Oct 2016 06:11:34 GMT] "GET / HTTP/1.1" 304 - "-" "Mozilla/5.0 (Windows NT 6.1; WOW64) AppleWebKit/537.36 (KHTML, like Gecko) Chrome/53.0.2785.143 Safari/537.36"
::1 - - [Mon, 10 Oct 2016 06:11:34 GMT] "GET /index.8c7395b4578443e2300d.css HTTP/1.1" 304 - "http://localhost:8080/" "Mozilla/5.0 (Windows NT 6.1; WOW64) AppleWebKit/537.36 (KHTML, like Gecko) Chrome/53.0.2785.143 Safari/537.36"
::1 - - [Mon, 10 Oct 2016 06:11:34 GMT] "GET /js/common.8c7395b4578443e2300d.min.js HTTP/1.1" 304 - "http://localhost:8080/" "Mozilla/5.0 (Windows NT 6.1; WOW64) AppleWebKit/537.36 (KHTML, like Gecko) Chrome/53.0.2785.143 Safari/537.36"
::1 - - [Mon, 10 Oct 2016 06:11:34 GMT] "GET /js/index.8c7395b4578443e2300d.min.js HTTP/1.1" 304 - "http://localhost:8080/" "Mozilla/5.0 (Windows NT 6.1; WOW64) AppleWebKit/537.36 (KHTML, like Gecko) Chrome/53.0.2785.143 Safari/537.36"
::1 - - [Mon, 10 Oct 2016 06:11:34 GMT] "GET /getUserInfo HTTP/1.1" 304 - "http://localhost:8080/" "Mozilla/5.0 (Windows NT 6.1; WOW64) AppleWebKit/537.36 (KHTML, like Gecko) Chrome/53.0.2785.143 Safari/537.36"
::1 - - [Mon, 10 Oct 2016 06:11:34 GMT] "GET /newsList HTTP/1.1" 304 - "http://localhost:8080/" "Mozilla/5.0 (Windows NT 6.1; WOW64) AppleWebKit/537.36 (KHTML, like Gecko) Chrome/53.0.2785.143 Safari/537.36"
::1 - - [Mon, 10 Oct 2016 06:11:35 GMT] "GET / HTTP/1.1" 304 - "-" "Mozilla/5.0 (Windows NT 6.1; WOW64) AppleWebKit/537.36 (KHTML, like Gecko) Chrome/53.0.2785.143 Safari/537.36"
::1 - - [Mon, 10 Oct 2016 06:11:35 GMT] "GET /index.8c7395b4578443e2300d.css HTTP/1.1" 304 - "http://localhost:8080/" "Mozilla/5.0 (Windows NT 6.1; WOW64) AppleWebKit/537.36 (KHTML, like Gecko) Chrome/53.0.2785.143 Safari/537.36"
::1 - - [Mon, 10 Oct 2016 06:11:35 GMT] "GET /js/common.8c7395b4578443e2300d.min.js HTTP/1.1" 304 - "http://localhost:8080/" "Mozilla/5.0 (Windows NT 6.1; WOW64) AppleWebKit/537.36 (KHTML, like Gecko) Chrome/53.0.2785.143 Safari/537.36"
::1 - - [Mon, 10 Oct 2016 06:11:35 GMT] "GET /js/index.8c7395b4578443e2300d.min.js HTTP/1.1" 304 - "http://localhost:8080/" "Mozilla/5.0 (Windows NT 6.1; WOW64) AppleWebKit/537.36 (KHTML, like Gecko) Chrome/53.0.2785.143 Safari/537.36"
::1 - - [Mon, 10 Oct 2016 06:11:35 GMT] "GET /index.8c7395b4578443e2300d.css.map HTTP/1.1" 304 - "-" "Mozilla/5.0 (Windows NT 6.1; WOW64) AppleWebKit/537.36 (KHTML, like Gecko) Chrome/53.0.2785.143 Safari/537.36"
::1 - - [Mon, 10 Oct 2016 06:11:35 GMT] "GET /js/common.8c7395b4578443e2300d.min.js.map HTTP/1.1" 304 - "-" "Mozilla/5.0 (Windows NT 6.1; WOW64) AppleWebKit/537.36 (KHTML, like Gecko) Chrome/53.0.2785.143 Safari/537.36"
::1 - - [Mon, 10 Oct 2016 06:11:35 GMT] "GET /getUserInfo HTTP/1.1" 304 - "http://localhost:8080/" "Mozilla/5.0 (Windows NT 6.1; WOW64) AppleWebKit/537.36 (KHTML, like Gecko) Chrome/53.0.2785.143 Safari/537.36"
::1 - - [Mon, 10 Oct 2016 06:11:35 GMT] "GET /js/index.8c7395b4578443e2300d.min.js.map HTTP/1.1" 304 - "-" "Mozilla/5.0 (Windows NT 6.1; WOW64) AppleWebKit/537.36 (KHTML, like Gecko) Chrome/53.0.2785.143 Safari/537.36"
::1 - - [Mon, 10 Oct 2016 06:11:35 GMT] "GET /newsList HTTP/1.1" 304 - "http://localhost:8080/" "Mozilla/5.0 (Windows NT 6.1; WOW64) AppleWebKit/537.36 (KHTML, like Gecko) Chrome/53.0.2785.143 Safari/537.36"
::1 - - [Mon, 10 Oct 2016 06:12:10 GMT] "GET /js/2.8c7395b4578443e2300d.chunk.js HTTP/1.1" 304 - "http://localhost:8080/" "Mozilla/5.0 (Windows NT 6.1; WOW64) AppleWebKit/537.36 (KHTML, like Gecko) Chrome/53.0.2785.143 Safari/537.36"
::1 - - [Mon, 10 Oct 2016 06:12:10 GMT] "GET /js/2.8c7395b4578443e2300d.chunk.js.map HTTP/1.1" 304 - "-" "Mozilla/5.0 (Windows NT 6.1; WOW64) AppleWebKit/537.36 (KHTML, like Gecko) Chrome/53.0.2785.143 Safari/537.36"
::1 - - [Mon, 10 Oct 2016 06:12:11 GMT] "GET /newsList HTTP/1.1" 304 - "http://localhost:8080/" "Mozilla/5.0 (Windows NT 6.1; WOW64) AppleWebKit/537.36 (KHTML, like Gecko) Chrome/53.0.2785.143 Safari/537.36"
::1 - - [Mon, 10 Oct 2016 06:12:12 GMT] "GET /js/4.8c7395b4578443e2300d.chunk.js HTTP/1.1" 304 - "http://localhost:8080/" "Mozilla/5.0 (Windows NT 6.1; WOW64) AppleWebKit/537.36 (KHTML, like Gecko) Chrome/53.0.2785.143 Safari/537.36"
::1 - - [Mon, 10 Oct 2016 06:12:12 GMT] "GET /js/4.8c7395b4578443e2300d.chunk.js.map HTTP/1.1" 304 - "-" "Mozilla/5.0 (Windows NT 6.1; WOW64) AppleWebKit/537.36 (KHTML, like Gecko) Chrome/53.0.2785.143 Safari/537.36"
::1 - - [Mon, 10 Oct 2016 06:12:12 GMT] "GET /js/0.8c7395b4578443e2300d.chunk.js HTTP/1.1" 304 - "http://localhost:8080/" "Mozilla/5.0 (Windows NT 6.1; WOW64) AppleWebKit/537.36 (KHTML, like Gecko) Chrome/53.0.2785.143 Safari/537.36"
::1 - - [Mon, 10 Oct 2016 06:12:12 GMT] "GET /js/0.8c7395b4578443e2300d.chunk.js.map HTTP/1.1" 304 - "-" "Mozilla/5.0 (Windows NT 6.1; WOW64) AppleWebKit/537.36 (KHTML, like Gecko) Chrome/53.0.2785.143 Safari/537.36"
::1 - - [Mon, 10 Oct 2016 06:12:14 GMT] "GET /newsList HTTP/1.1" 304 - "http://localhost:8080/" "Mozilla/5.0 (Windows NT 6.1; WOW64) AppleWebKit/537.36 (KHTML, like Gecko) Chrome/53.0.2785.143 Safari/537.36"
::1 - - [Mon, 10 Oct 2016 06:12:16 GMT] "GET /newsList HTTP/1.1" 304 - "http://localhost:8080/" "Mozilla/5.0 (Windows NT 6.1; WOW64) AppleWebKit/537.36 (KHTML, like Gecko) Chrome/53.0.2785.143 Safari/537.36"
::1 - - [Mon, 10 Oct 2016 06:14:12 GMT] "GET /about HTTP/1.1" - - "http://localhost:8080/" "Mozilla/5.0 (Windows NT 6.1; WOW64) AppleWebKit/537.36 (KHTML, like Gecko) Chrome/53.0.2785.143 Safari/537.36"
::1 - - [Mon, 10 Oct 2016 06:14:33 GMT] "GET /about HTTP/1.1" - - "http://localhost:8080/" "Mozilla/5.0 (Windows NT 6.1; WOW64) AppleWebKit/537.36 (KHTML, like Gecko) Chrome/53.0.2785.143 Safari/537.36"
::1 - - [Mon, 10 Oct 2016 06:16:12 GMT] "GET /about HTTP/1.1" - - "http://localhost:8080/" "Mozilla/5.0 (Windows NT 6.1; WOW64) AppleWebKit/537.36 (KHTML, like Gecko) Chrome/53.0.2785.143 Safari/537.36"
::1 - - [Mon, 10 Oct 2016 06:16:33 GMT] "GET /about HTTP/1.1" - - "http://localhost:8080/" "Mozilla/5.0 (Windows NT 6.1; WOW64) AppleWebKit/537.36 (KHTML, like Gecko) Chrome/53.0.2785.143 Safari/537.36"
::1 - - [Mon, 10 Oct 2016 06:30:25 GMT] "GET / HTTP/1.1" 200 585 "-" "Mozilla/5.0 (Windows NT 6.1; WOW64) AppleWebKit/537.36 (KHTML, like Gecko) Chrome/53.0.2785.143 Safari/537.36"
::1 - - [Mon, 10 Oct 2016 06:30:25 GMT] "GET /index.8c7395b4578443e2300d.css HTTP/1.1" 200 13221 "http://localhost:8080/" "Mozilla/5.0 (Windows NT 6.1; WOW64) AppleWebKit/537.36 (KHTML, like Gecko) Chrome/53.0.2785.143 Safari/537.36"
::1 - - [Mon, 10 Oct 2016 06:30:25 GMT] "GET /js/common.8c7395b4578443e2300d.min.js HTTP/1.1" 200 6638 "http://localhost:8080/" "Mozilla/5.0 (Windows NT 6.1; WOW64) AppleWebKit/537.36 (KHTML, like Gecko) Chrome/53.0.2785.143 Safari/537.36"
::1 - - [Mon, 10 Oct 2016 06:30:25 GMT] "GET /js/index.8c7395b4578443e2300d.min.js HTTP/1.1" 200 255519 "http://localhost:8080/" "Mozilla/5.0 (Windows NT 6.1; WOW64) AppleWebKit/537.36 (KHTML, like Gecko) Chrome/53.0.2785.143 Safari/537.36"
::1 - - [Mon, 10 Oct 2016 06:30:26 GMT] "GET /index.8c7395b4578443e2300d.css.map HTTP/1.1" 200 107 "-" "Mozilla/5.0 (Windows NT 6.1; WOW64) AppleWebKit/537.36 (KHTML, like Gecko) Chrome/53.0.2785.143 Safari/537.36"
::1 - - [Mon, 10 Oct 2016 06:30:26 GMT] "GET /getUserInfo HTTP/1.1" 304 - "http://localhost:8080/" "Mozilla/5.0 (Windows NT 6.1; WOW64) AppleWebKit/537.36 (KHTML, like Gecko) Chrome/53.0.2785.143 Safari/537.36"
::1 - - [Mon, 10 Oct 2016 06:30:26 GMT] "GET /js/common.8c7395b4578443e2300d.min.js.map HTTP/1.1" 200 60239 "-" "Mozilla/5.0 (Windows NT 6.1; WOW64) AppleWebKit/537.36 (KHTML, like Gecko) Chrome/53.0.2785.143 Safari/537.36"
::1 - - [Mon, 10 Oct 2016 06:30:26 GMT] "GET /newsList HTTP/1.1" 304 - "http://localhost:8080/" "Mozilla/5.0 (Windows NT 6.1; WOW64) AppleWebKit/537.36 (KHTML, like Gecko) Chrome/53.0.2785.143 Safari/537.36"
::1 - - [Mon, 10 Oct 2016 06:30:26 GMT] "GET /js/index.8c7395b4578443e2300d.min.js.map HTTP/1.1" 200 2445229 "-" "Mozilla/5.0 (Windows NT 6.1; WOW64) AppleWebKit/537.36 (KHTML, like Gecko) Chrome/53.0.2785.143 Safari/537.36"
::1 - - [Mon, 10 Oct 2016 06:30:27 GMT] "GET / HTTP/1.1" 304 - "-" "Mozilla/5.0 (Windows NT 6.1; WOW64) AppleWebKit/537.36 (KHTML, like Gecko) Chrome/53.0.2785.143 Safari/537.36"
::1 - - [Mon, 10 Oct 2016 06:30:27 GMT] "GET /index.8c7395b4578443e2300d.css HTTP/1.1" 304 - "http://localhost:8080/" "Mozilla/5.0 (Windows NT 6.1; WOW64) AppleWebKit/537.36 (KHTML, like Gecko) Chrome/53.0.2785.143 Safari/537.36"
::1 - - [Mon, 10 Oct 2016 06:30:27 GMT] "GET /js/common.8c7395b4578443e2300d.min.js HTTP/1.1" 304 - "http://localhost:8080/" "Mozilla/5.0 (Windows NT 6.1; WOW64) AppleWebKit/537.36 (KHTML, like Gecko) Chrome/53.0.2785.143 Safari/537.36"
::1 - - [Mon, 10 Oct 2016 06:30:27 GMT] "GET /js/index.8c7395b4578443e2300d.min.js HTTP/1.1" 304 - "http://localhost:8080/" "Mozilla/5.0 (Windows NT 6.1; WOW64) AppleWebKit/537.36 (KHTML, like Gecko) Chrome/53.0.2785.143 Safari/537.36"
::1 - - [Mon, 10 Oct 2016 06:30:27 GMT] "GET /index.8c7395b4578443e2300d.css.map HTTP/1.1" 304 - "-" "Mozilla/5.0 (Windows NT 6.1; WOW64) AppleWebKit/537.36 (KHTML, like Gecko) Chrome/53.0.2785.143 Safari/537.36"
::1 - - [Mon, 10 Oct 2016 06:30:27 GMT] "GET /js/common.8c7395b4578443e2300d.min.js.map HTTP/1.1" 304 - "-" "Mozilla/5.0 (Windows NT 6.1; WOW64) AppleWebKit/537.36 (KHTML, like Gecko) Chrome/53.0.2785.143 Safari/537.36"
::1 - - [Mon, 10 Oct 2016 06:30:27 GMT] "GET /getUserInfo HTTP/1.1" 304 - "http://localhost:8080/" "Mozilla/5.0 (Windows NT 6.1; WOW64) AppleWebKit/537.36 (KHTML, like Gecko) Chrome/53.0.2785.143 Safari/537.36"
::1 - - [Mon, 10 Oct 2016 06:30:27 GMT] "GET /js/index.8c7395b4578443e2300d.min.js.map HTTP/1.1" 304 - "-" "Mozilla/5.0 (Windows NT 6.1; WOW64) AppleWebKit/537.36 (KHTML, like Gecko) Chrome/53.0.2785.143 Safari/537.36"
::1 - - [Mon, 10 Oct 2016 06:30:27 GMT] "GET /newsList HTTP/1.1" 304 - "http://localhost:8080/" "Mozilla/5.0 (Windows NT 6.1; WOW64) AppleWebKit/537.36 (KHTML, like Gecko) Chrome/53.0.2785.143 Safari/537.36"
::1 - - [Mon, 10 Oct 2016 06:31:19 GMT] "GET / HTTP/1.1" 200 585 "-" "Mozilla/5.0 (Windows NT 6.1; WOW64) AppleWebKit/537.36 (KHTML, like Gecko) Chrome/53.0.2785.143 Safari/537.36"
::1 - - [Mon, 10 Oct 2016 06:31:19 GMT] "GET /js/index.8c7395b4578443e2300d.min.js HTTP/1.1" - - "http://localhost:8080/" "Mozilla/5.0 (Windows NT 6.1; WOW64) AppleWebKit/537.36 (KHTML, like Gecko) Chrome/53.0.2785.143 Safari/537.36"
::1 - - [Mon, 10 Oct 2016 06:31:19 GMT] "GET /index.8c7395b4578443e2300d.css HTTP/1.1" 200 13221 "http://localhost:8080/" "Mozilla/5.0 (Windows NT 6.1; WOW64) AppleWebKit/537.36 (KHTML, like Gecko) Chrome/53.0.2785.143 Safari/537.36"
::1 - - [Mon, 10 Oct 2016 06:31:19 GMT] "GET /js/common.8c7395b4578443e2300d.min.js HTTP/1.1" 200 6638 "http://localhost:8080/" "Mozilla/5.0 (Windows NT 6.1; WOW64) AppleWebKit/537.36 (KHTML, like Gecko) Chrome/53.0.2785.143 Safari/537.36"
::1 - - [Mon, 10 Oct 2016 06:31:19 GMT] "GET /index.8c7395b4578443e2300d.css.map HTTP/1.1" 200 107 "-" "Mozilla/5.0 (Windows NT 6.1; WOW64) AppleWebKit/537.36 (KHTML, like Gecko) Chrome/53.0.2785.143 Safari/537.36"
::1 - - [Mon, 10 Oct 2016 06:31:19 GMT] "GET /getUserInfo HTTP/1.1" 304 - "http://localhost:8080/" "Mozilla/5.0 (Windows NT 6.1; WOW64) AppleWebKit/537.36 (KHTML, like Gecko) Chrome/53.0.2785.143 Safari/537.36"
::1 - - [Mon, 10 Oct 2016 06:31:19 GMT] "GET /js/common.8c7395b4578443e2300d.min.js.map HTTP/1.1" 200 60239 "-" "Mozilla/5.0 (Windows NT 6.1; WOW64) AppleWebKit/537.36 (KHTML, like Gecko) Chrome/53.0.2785.143 Safari/537.36"
::1 - - [Mon, 10 Oct 2016 06:31:19 GMT] "GET /newsList HTTP/1.1" 304 - "http://localhost:8080/" "Mozilla/5.0 (Windows NT 6.1; WOW64) AppleWebKit/537.36 (KHTML, like Gecko) Chrome/53.0.2785.143 Safari/537.36"
::1 - - [Mon, 10 Oct 2016 06:31:19 GMT] "GET /js/index.8c7395b4578443e2300d.min.js.map HTTP/1.1" 200 2445229 "-" "Mozilla/5.0 (Windows NT 6.1; WOW64) AppleWebKit/537.36 (KHTML, like Gecko) Chrome/53.0.2785.143 Safari/537.36"
::1 - - [Mon, 10 Oct 2016 06:31:20 GMT] "GET / HTTP/1.1" 304 - "-" "Mozilla/5.0 (Windows NT 6.1; WOW64) AppleWebKit/537.36 (KHTML, like Gecko) Chrome/53.0.2785.143 Safari/537.36"
::1 - - [Mon, 10 Oct 2016 06:31:20 GMT] "GET /js/index.8c7395b4578443e2300d.min.js HTTP/1.1" 304 - "http://localhost:8080/" "Mozilla/5.0 (Windows NT 6.1; WOW64) AppleWebKit/537.36 (KHTML, like Gecko) Chrome/53.0.2785.143 Safari/537.36"
::1 - - [Mon, 10 Oct 2016 06:31:20 GMT] "GET /index.8c7395b4578443e2300d.css HTTP/1.1" 304 - "http://localhost:8080/" "Mozilla/5.0 (Windows NT 6.1; WOW64) AppleWebKit/537.36 (KHTML, like Gecko) Chrome/53.0.2785.143 Safari/537.36"
::1 - - [Mon, 10 Oct 2016 06:31:20 GMT] "GET /js/common.8c7395b4578443e2300d.min.js HTTP/1.1" 304 - "http://localhost:8080/" "Mozilla/5.0 (Windows NT 6.1; WOW64) AppleWebKit/537.36 (KHTML, like Gecko) Chrome/53.0.2785.143 Safari/537.36"
::1 - - [Mon, 10 Oct 2016 06:31:20 GMT] "GET /index.8c7395b4578443e2300d.css.map HTTP/1.1" 304 - "-" "Mozilla/5.0 (Windows NT 6.1; WOW64) AppleWebKit/537.36 (KHTML, like Gecko) Chrome/53.0.2785.143 Safari/537.36"
::1 - - [Mon, 10 Oct 2016 06:31:20 GMT] "GET /getUserInfo HTTP/1.1" 304 - "http://localhost:8080/" "Mozilla/5.0 (Windows NT 6.1; WOW64) AppleWebKit/537.36 (KHTML, like Gecko) Chrome/53.0.2785.143 Safari/537.36"
::1 - - [Mon, 10 Oct 2016 06:31:20 GMT] "GET /js/common.8c7395b4578443e2300d.min.js.map HTTP/1.1" 304 - "-" "Mozilla/5.0 (Windows NT 6.1; WOW64) AppleWebKit/537.36 (KHTML, like Gecko) Chrome/53.0.2785.143 Safari/537.36"
::1 - - [Mon, 10 Oct 2016 06:31:20 GMT] "GET /js/index.8c7395b4578443e2300d.min.js.map HTTP/1.1" 304 - "-" "Mozilla/5.0 (Windows NT 6.1; WOW64) AppleWebKit/537.36 (KHTML, like Gecko) Chrome/53.0.2785.143 Safari/537.36"
::1 - - [Mon, 10 Oct 2016 06:31:20 GMT] "GET /newsList HTTP/1.1" 304 - "http://localhost:8080/" "Mozilla/5.0 (Windows NT 6.1; WOW64) AppleWebKit/537.36 (KHTML, like Gecko) Chrome/53.0.2785.143 Safari/537.36"
::1 - - [Mon, 10 Oct 2016 06:31:21 GMT] "GET / HTTP/1.1" 304 - "-" "Mozilla/5.0 (Windows NT 6.1; WOW64) AppleWebKit/537.36 (KHTML, like Gecko) Chrome/53.0.2785.143 Safari/537.36"
::1 - - [Mon, 10 Oct 2016 06:31:22 GMT] "GET /index.8c7395b4578443e2300d.css HTTP/1.1" 304 - "http://localhost:8080/" "Mozilla/5.0 (Windows NT 6.1; WOW64) AppleWebKit/537.36 (KHTML, like Gecko) Chrome/53.0.2785.143 Safari/537.36"
::1 - - [Mon, 10 Oct 2016 06:31:22 GMT] "GET /js/common.8c7395b4578443e2300d.min.js HTTP/1.1" 304 - "http://localhost:8080/" "Mozilla/5.0 (Windows NT 6.1; WOW64) AppleWebKit/537.36 (KHTML, like Gecko) Chrome/53.0.2785.143 Safari/537.36"
::1 - - [Mon, 10 Oct 2016 06:31:22 GMT] "GET /js/index.8c7395b4578443e2300d.min.js HTTP/1.1" 304 - "http://localhost:8080/" "Mozilla/5.0 (Windows NT 6.1; WOW64) AppleWebKit/537.36 (KHTML, like Gecko) Chrome/53.0.2785.143 Safari/537.36"
::1 - - [Mon, 10 Oct 2016 06:31:22 GMT] "GET /index.8c7395b4578443e2300d.css.map HTTP/1.1" 304 - "-" "Mozilla/5.0 (Windows NT 6.1; WOW64) AppleWebKit/537.36 (KHTML, like Gecko) Chrome/53.0.2785.143 Safari/537.36"
::1 - - [Mon, 10 Oct 2016 06:31:22 GMT] "GET /getUserInfo HTTP/1.1" 304 - "http://localhost:8080/" "Mozilla/5.0 (Windows NT 6.1; WOW64) AppleWebKit/537.36 (KHTML, like Gecko) Chrome/53.0.2785.143 Safari/537.36"
::1 - - [Mon, 10 Oct 2016 06:31:22 GMT] "GET /js/common.8c7395b4578443e2300d.min.js.map HTTP/1.1" 304 - "-" "Mozilla/5.0 (Windows NT 6.1; WOW64) AppleWebKit/537.36 (KHTML, like Gecko) Chrome/53.0.2785.143 Safari/537.36"
::1 - - [Mon, 10 Oct 2016 06:31:22 GMT] "GET /js/index.8c7395b4578443e2300d.min.js.map HTTP/1.1" 304 - "-" "Mozilla/5.0 (Windows NT 6.1; WOW64) AppleWebKit/537.36 (KHTML, like Gecko) Chrome/53.0.2785.143 Safari/537.36"
::1 - - [Mon, 10 Oct 2016 06:31:22 GMT] "GET /newsList HTTP/1.1" 304 - "http://localhost:8080/" "Mozilla/5.0 (Windows NT 6.1; WOW64) AppleWebKit/537.36 (KHTML, like Gecko) Chrome/53.0.2785.143 Safari/537.36"
::1 - - [Mon, 10 Oct 2016 06:31:23 GMT] "GET /js/2.8c7395b4578443e2300d.chunk.js HTTP/1.1" 200 3506 "http://localhost:8080/" "Mozilla/5.0 (Windows NT 6.1; WOW64) AppleWebKit/537.36 (KHTML, like Gecko) Chrome/53.0.2785.143 Safari/537.36"
::1 - - [Mon, 10 Oct 2016 06:31:23 GMT] "GET /js/2.8c7395b4578443e2300d.chunk.js.map HTTP/1.1" 200 16973 "-" "Mozilla/5.0 (Windows NT 6.1; WOW64) AppleWebKit/537.36 (KHTML, like Gecko) Chrome/53.0.2785.143 Safari/537.36"
::1 - - [Mon, 10 Oct 2016 06:31:24 GMT] "GET /newsList HTTP/1.1" 304 - "http://localhost:8080/" "Mozilla/5.0 (Windows NT 6.1; WOW64) AppleWebKit/537.36 (KHTML, like Gecko) Chrome/53.0.2785.143 Safari/537.36"
::1 - - [Mon, 10 Oct 2016 06:31:28 GMT] "GET /newsList HTTP/1.1" 304 - "http://localhost:8080/" "Mozilla/5.0 (Windows NT 6.1; WOW64) AppleWebKit/537.36 (KHTML, like Gecko) Chrome/53.0.2785.143 Safari/537.36"
::1 - - [Mon, 10 Oct 2016 06:31:29 GMT] "GET / HTTP/1.1" 200 585 "-" "Mozilla/5.0 (Windows NT 6.1; WOW64) AppleWebKit/537.36 (KHTML, like Gecko) Chrome/53.0.2785.143 Safari/537.36"
::1 - - [Mon, 10 Oct 2016 06:31:29 GMT] "GET /index.8c7395b4578443e2300d.css HTTP/1.1" 200 13221 "http://localhost:8080/" "Mozilla/5.0 (Windows NT 6.1; WOW64) AppleWebKit/537.36 (KHTML, like Gecko) Chrome/53.0.2785.143 Safari/537.36"
::1 - - [Mon, 10 Oct 2016 06:31:29 GMT] "GET /js/common.8c7395b4578443e2300d.min.js HTTP/1.1" 200 6638 "http://localhost:8080/" "Mozilla/5.0 (Windows NT 6.1; WOW64) AppleWebKit/537.36 (KHTML, like Gecko) Chrome/53.0.2785.143 Safari/537.36"
::1 - - [Mon, 10 Oct 2016 06:31:29 GMT] "GET /js/index.8c7395b4578443e2300d.min.js HTTP/1.1" 200 255519 "http://localhost:8080/" "Mozilla/5.0 (Windows NT 6.1; WOW64) AppleWebKit/537.36 (KHTML, like Gecko) Chrome/53.0.2785.143 Safari/537.36"
::1 - - [Mon, 10 Oct 2016 06:31:29 GMT] "GET /index.8c7395b4578443e2300d.css.map HTTP/1.1" 304 - "-" "Mozilla/5.0 (Windows NT 6.1; WOW64) AppleWebKit/537.36 (KHTML, like Gecko) Chrome/53.0.2785.143 Safari/537.36"
::1 - - [Mon, 10 Oct 2016 06:31:29 GMT] "GET /getUserInfo HTTP/1.1" 200 64 "http://localhost:8080/" "Mozilla/5.0 (Windows NT 6.1; WOW64) AppleWebKit/537.36 (KHTML, like Gecko) Chrome/53.0.2785.143 Safari/537.36"
::1 - - [Mon, 10 Oct 2016 06:31:29 GMT] "GET /js/common.8c7395b4578443e2300d.min.js.map HTTP/1.1" 304 - "-" "Mozilla/5.0 (Windows NT 6.1; WOW64) AppleWebKit/537.36 (KHTML, like Gecko) Chrome/53.0.2785.143 Safari/537.36"
::1 - - [Mon, 10 Oct 2016 06:31:29 GMT] "GET /js/index.8c7395b4578443e2300d.min.js.map HTTP/1.1" 304 - "-" "Mozilla/5.0 (Windows NT 6.1; WOW64) AppleWebKit/537.36 (KHTML, like Gecko) Chrome/53.0.2785.143 Safari/537.36"
::1 - - [Mon, 10 Oct 2016 06:31:29 GMT] "GET /newsList HTTP/1.1" 200 43 "http://localhost:8080/" "Mozilla/5.0 (Windows NT 6.1; WOW64) AppleWebKit/537.36 (KHTML, like Gecko) Chrome/53.0.2785.143 Safari/537.36"
::1 - - [Mon, 10 Oct 2016 06:31:30 GMT] "GET /js/2.8c7395b4578443e2300d.chunk.js HTTP/1.1" 304 - "http://localhost:8080/" "Mozilla/5.0 (Windows NT 6.1; WOW64) AppleWebKit/537.36 (KHTML, like Gecko) Chrome/53.0.2785.143 Safari/537.36"
::1 - - [Mon, 10 Oct 2016 06:31:30 GMT] "GET /js/2.8c7395b4578443e2300d.chunk.js.map HTTP/1.1" 304 - "-" "Mozilla/5.0 (Windows NT 6.1; WOW64) AppleWebKit/537.36 (KHTML, like Gecko) Chrome/53.0.2785.143 Safari/537.36"
::1 - - [Mon, 10 Oct 2016 06:31:31 GMT] "GET /newsList HTTP/1.1" 304 - "http://localhost:8080/" "Mozilla/5.0 (Windows NT 6.1; WOW64) AppleWebKit/537.36 (KHTML, like Gecko) Chrome/53.0.2785.143 Safari/537.36"
::1 - - [Mon, 10 Oct 2016 06:31:31 GMT] "GET / HTTP/1.1" 200 585 "-" "Mozilla/5.0 (Windows NT 6.1; WOW64) AppleWebKit/537.36 (KHTML, like Gecko) Chrome/53.0.2785.143 Safari/537.36"
::1 - - [Mon, 10 Oct 2016 06:31:31 GMT] "GET /js/common.8c7395b4578443e2300d.min.js HTTP/1.1" 200 6638 "http://localhost:8080/" "Mozilla/5.0 (Windows NT 6.1; WOW64) AppleWebKit/537.36 (KHTML, like Gecko) Chrome/53.0.2785.143 Safari/537.36"
::1 - - [Mon, 10 Oct 2016 06:31:31 GMT] "GET /index.8c7395b4578443e2300d.css HTTP/1.1" 200 13221 "http://localhost:8080/" "Mozilla/5.0 (Windows NT 6.1; WOW64) AppleWebKit/537.36 (KHTML, like Gecko) Chrome/53.0.2785.143 Safari/537.36"
::1 - - [Mon, 10 Oct 2016 06:31:31 GMT] "GET /js/index.8c7395b4578443e2300d.min.js HTTP/1.1" 200 255519 "http://localhost:8080/" "Mozilla/5.0 (Windows NT 6.1; WOW64) AppleWebKit/537.36 (KHTML, like Gecko) Chrome/53.0.2785.143 Safari/537.36"
::1 - - [Mon, 10 Oct 2016 06:31:31 GMT] "GET /index.8c7395b4578443e2300d.css.map HTTP/1.1" 304 - "-" "Mozilla/5.0 (Windows NT 6.1; WOW64) AppleWebKit/537.36 (KHTML, like Gecko) Chrome/53.0.2785.143 Safari/537.36"
::1 - - [Mon, 10 Oct 2016 06:31:31 GMT] "GET /getUserInfo HTTP/1.1" 200 64 "http://localhost:8080/" "Mozilla/5.0 (Windows NT 6.1; WOW64) AppleWebKit/537.36 (KHTML, like Gecko) Chrome/53.0.2785.143 Safari/537.36"
::1 - - [Mon, 10 Oct 2016 06:31:31 GMT] "GET /js/common.8c7395b4578443e2300d.min.js.map HTTP/1.1" 304 - "-" "Mozilla/5.0 (Windows NT 6.1; WOW64) AppleWebKit/537.36 (KHTML, like Gecko) Chrome/53.0.2785.143 Safari/537.36"
::1 - - [Mon, 10 Oct 2016 06:31:31 GMT] "GET /js/index.8c7395b4578443e2300d.min.js.map HTTP/1.1" 304 - "-" "Mozilla/5.0 (Windows NT 6.1; WOW64) AppleWebKit/537.36 (KHTML, like Gecko) Chrome/53.0.2785.143 Safari/537.36"
::1 - - [Mon, 10 Oct 2016 06:31:31 GMT] "GET /newsList HTTP/1.1" 200 43 "http://localhost:8080/" "Mozilla/5.0 (Windows NT 6.1; WOW64) AppleWebKit/537.36 (KHTML, like Gecko) Chrome/53.0.2785.143 Safari/537.36"
::1 - - [Mon, 10 Oct 2016 06:32:55 GMT] "GET / HTTP/1.1" 304 - "-" "Mozilla/5.0 (Windows NT 6.1; WOW64) AppleWebKit/537.36 (KHTML, like Gecko) Chrome/53.0.2785.143 Safari/537.36"
::1 - - [Mon, 10 Oct 2016 06:32:55 GMT] "GET /index.8c7395b4578443e2300d.css HTTP/1.1" 304 - "http://localhost:8080/" "Mozilla/5.0 (Windows NT 6.1; WOW64) AppleWebKit/537.36 (KHTML, like Gecko) Chrome/53.0.2785.143 Safari/537.36"
::1 - - [Mon, 10 Oct 2016 06:32:55 GMT] "GET /js/common.8c7395b4578443e2300d.min.js HTTP/1.1" 304 - "http://localhost:8080/" "Mozilla/5.0 (Windows NT 6.1; WOW64) AppleWebKit/537.36 (KHTML, like Gecko) Chrome/53.0.2785.143 Safari/537.36"
::1 - - [Mon, 10 Oct 2016 06:32:55 GMT] "GET /js/index.8c7395b4578443e2300d.min.js HTTP/1.1" 304 - "http://localhost:8080/" "Mozilla/5.0 (Windows NT 6.1; WOW64) AppleWebKit/537.36 (KHTML, like Gecko) Chrome/53.0.2785.143 Safari/537.36"
::1 - - [Mon, 10 Oct 2016 06:32:55 GMT] "GET /index.8c7395b4578443e2300d.css.map HTTP/1.1" 304 - "-" "Mozilla/5.0 (Windows NT 6.1; WOW64) AppleWebKit/537.36 (KHTML, like Gecko) Chrome/53.0.2785.143 Safari/537.36"
::1 - - [Mon, 10 Oct 2016 06:32:55 GMT] "GET /js/common.8c7395b4578443e2300d.min.js.map HTTP/1.1" 304 - "-" "Mozilla/5.0 (Windows NT 6.1; WOW64) AppleWebKit/537.36 (KHTML, like Gecko) Chrome/53.0.2785.143 Safari/537.36"
::1 - - [Mon, 10 Oct 2016 06:32:55 GMT] "GET /getUserInfo HTTP/1.1" 304 - "http://localhost:8080/" "Mozilla/5.0 (Windows NT 6.1; WOW64) AppleWebKit/537.36 (KHTML, like Gecko) Chrome/53.0.2785.143 Safari/537.36"
::1 - - [Mon, 10 Oct 2016 06:32:55 GMT] "GET /js/index.8c7395b4578443e2300d.min.js.map HTTP/1.1" 304 - "-" "Mozilla/5.0 (Windows NT 6.1; WOW64) AppleWebKit/537.36 (KHTML, like Gecko) Chrome/53.0.2785.143 Safari/537.36"
::1 - - [Mon, 10 Oct 2016 06:32:55 GMT] "GET /newsList HTTP/1.1" 304 - "http://localhost:8080/" "Mozilla/5.0 (Windows NT 6.1; WOW64) AppleWebKit/537.36 (KHTML, like Gecko) Chrome/53.0.2785.143 Safari/537.36"
::1 - - [Mon, 10 Oct 2016 06:32:56 GMT] "GET / HTTP/1.1" 304 - "-" "Mozilla/5.0 (Windows NT 6.1; WOW64) AppleWebKit/537.36 (KHTML, like Gecko) Chrome/53.0.2785.143 Safari/537.36"
::1 - - [Mon, 10 Oct 2016 06:32:56 GMT] "GET /index.8c7395b4578443e2300d.css HTTP/1.1" 304 - "http://localhost:8080/" "Mozilla/5.0 (Windows NT 6.1; WOW64) AppleWebKit/537.36 (KHTML, like Gecko) Chrome/53.0.2785.143 Safari/537.36"
::1 - - [Mon, 10 Oct 2016 06:32:56 GMT] "GET /js/common.8c7395b4578443e2300d.min.js HTTP/1.1" 304 - "http://localhost:8080/" "Mozilla/5.0 (Windows NT 6.1; WOW64) AppleWebKit/537.36 (KHTML, like Gecko) Chrome/53.0.2785.143 Safari/537.36"
::1 - - [Mon, 10 Oct 2016 06:32:56 GMT] "GET /js/index.8c7395b4578443e2300d.min.js HTTP/1.1" 304 - "http://localhost:8080/" "Mozilla/5.0 (Windows NT 6.1; WOW64) AppleWebKit/537.36 (KHTML, like Gecko) Chrome/53.0.2785.143 Safari/537.36"
::1 - - [Mon, 10 Oct 2016 06:32:56 GMT] "GET /index.8c7395b4578443e2300d.css.map HTTP/1.1" 304 - "-" "Mozilla/5.0 (Windows NT 6.1; WOW64) AppleWebKit/537.36 (KHTML, like Gecko) Chrome/53.0.2785.143 Safari/537.36"
::1 - - [Mon, 10 Oct 2016 06:32:56 GMT] "GET /getUserInfo HTTP/1.1" 304 - "http://localhost:8080/" "Mozilla/5.0 (Windows NT 6.1; WOW64) AppleWebKit/537.36 (KHTML, like Gecko) Chrome/53.0.2785.143 Safari/537.36"
::1 - - [Mon, 10 Oct 2016 06:32:56 GMT] "GET /js/common.8c7395b4578443e2300d.min.js.map HTTP/1.1" 304 - "-" "Mozilla/5.0 (Windows NT 6.1; WOW64) AppleWebKit/537.36 (KHTML, like Gecko) Chrome/53.0.2785.143 Safari/537.36"
::1 - - [Mon, 10 Oct 2016 06:32:56 GMT] "GET /js/index.8c7395b4578443e2300d.min.js.map HTTP/1.1" 304 - "-" "Mozilla/5.0 (Windows NT 6.1; WOW64) AppleWebKit/537.36 (KHTML, like Gecko) Chrome/53.0.2785.143 Safari/537.36"
::1 - - [Mon, 10 Oct 2016 06:32:56 GMT] "GET /newsList HTTP/1.1" 304 - "http://localhost:8080/" "Mozilla/5.0 (Windows NT 6.1; WOW64) AppleWebKit/537.36 (KHTML, like Gecko) Chrome/53.0.2785.143 Safari/537.36"
::1 - - [Mon, 10 Oct 2016 06:34:36 GMT] "GET / HTTP/1.1" 200 585 "-" "Mozilla/5.0 (Windows NT 6.1; WOW64) AppleWebKit/537.36 (KHTML, like Gecko) Chrome/53.0.2785.143 Safari/537.36"
::1 - - [Mon, 10 Oct 2016 06:34:36 GMT] "GET /index.8c7395b4578443e2300d.css HTTP/1.1" 200 13221 "http://localhost:8080/" "Mozilla/5.0 (Windows NT 6.1; WOW64) AppleWebKit/537.36 (KHTML, like Gecko) Chrome/53.0.2785.143 Safari/537.36"
::1 - - [Mon, 10 Oct 2016 06:34:36 GMT] "GET /js/common.8c7395b4578443e2300d.min.js HTTP/1.1" 200 6638 "http://localhost:8080/" "Mozilla/5.0 (Windows NT 6.1; WOW64) AppleWebKit/537.36 (KHTML, like Gecko) Chrome/53.0.2785.143 Safari/537.36"
::1 - - [Mon, 10 Oct 2016 06:34:36 GMT] "GET /js/index.8c7395b4578443e2300d.min.js HTTP/1.1" 200 255519 "http://localhost:8080/" "Mozilla/5.0 (Windows NT 6.1; WOW64) AppleWebKit/537.36 (KHTML, like Gecko) Chrome/53.0.2785.143 Safari/537.36"
::1 - - [Mon, 10 Oct 2016 06:34:36 GMT] "GET /index.8c7395b4578443e2300d.css.map HTTP/1.1" 200 107 "-" "Mozilla/5.0 (Windows NT 6.1; WOW64) AppleWebKit/537.36 (KHTML, like Gecko) Chrome/53.0.2785.143 Safari/537.36"
::1 - - [Mon, 10 Oct 2016 06:34:36 GMT] "GET /getUserInfo HTTP/1.1" 304 - "http://localhost:8080/" "Mozilla/5.0 (Windows NT 6.1; WOW64) AppleWebKit/537.36 (KHTML, like Gecko) Chrome/53.0.2785.143 Safari/537.36"
::1 - - [Mon, 10 Oct 2016 06:34:36 GMT] "GET /js/common.8c7395b4578443e2300d.min.js.map HTTP/1.1" 200 60239 "-" "Mozilla/5.0 (Windows NT 6.1; WOW64) AppleWebKit/537.36 (KHTML, like Gecko) Chrome/53.0.2785.143 Safari/537.36"
::1 - - [Mon, 10 Oct 2016 06:34:36 GMT] "GET /newsList HTTP/1.1" 304 - "http://localhost:8080/" "Mozilla/5.0 (Windows NT 6.1; WOW64) AppleWebKit/537.36 (KHTML, like Gecko) Chrome/53.0.2785.143 Safari/537.36"
::1 - - [Mon, 10 Oct 2016 06:34:36 GMT] "GET /js/index.8c7395b4578443e2300d.min.js.map HTTP/1.1" 200 2445229 "-" "Mozilla/5.0 (Windows NT 6.1; WOW64) AppleWebKit/537.36 (KHTML, like Gecko) Chrome/53.0.2785.143 Safari/537.36"
::1 - - [Mon, 10 Oct 2016 06:34:36 GMT] "GET /favicon.ico HTTP/1.1" 404 24 "http://localhost:8080/" "Mozilla/5.0 (Windows NT 6.1; WOW64) AppleWebKit/537.36 (KHTML, like Gecko) Chrome/53.0.2785.143 Safari/537.36"
::1 - - [Mon, 10 Oct 2016 06:34:38 GMT] "GET / HTTP/1.1" 304 - "-" "Mozilla/5.0 (Windows NT 6.1; WOW64) AppleWebKit/537.36 (KHTML, like Gecko) Chrome/53.0.2785.143 Safari/537.36"
::1 - - [Mon, 10 Oct 2016 06:34:38 GMT] "GET /index.8c7395b4578443e2300d.css HTTP/1.1" 304 - "http://localhost:8080/" "Mozilla/5.0 (Windows NT 6.1; WOW64) AppleWebKit/537.36 (KHTML, like Gecko) Chrome/53.0.2785.143 Safari/537.36"
::1 - - [Mon, 10 Oct 2016 06:34:38 GMT] "GET /js/common.8c7395b4578443e2300d.min.js HTTP/1.1" 304 - "http://localhost:8080/" "Mozilla/5.0 (Windows NT 6.1; WOW64) AppleWebKit/537.36 (KHTML, like Gecko) Chrome/53.0.2785.143 Safari/537.36"
::1 - - [Mon, 10 Oct 2016 06:34:38 GMT] "GET /js/index.8c7395b4578443e2300d.min.js HTTP/1.1" 304 - "http://localhost:8080/" "Mozilla/5.0 (Windows NT 6.1; WOW64) AppleWebKit/537.36 (KHTML, like Gecko) Chrome/53.0.2785.143 Safari/537.36"
::1 - - [Mon, 10 Oct 2016 06:34:38 GMT] "GET /index.8c7395b4578443e2300d.css.map HTTP/1.1" 304 - "-" "Mozilla/5.0 (Windows NT 6.1; WOW64) AppleWebKit/537.36 (KHTML, like Gecko) Chrome/53.0.2785.143 Safari/537.36"
::1 - - [Mon, 10 Oct 2016 06:34:38 GMT] "GET /getUserInfo HTTP/1.1" 304 - "http://localhost:8080/" "Mozilla/5.0 (Windows NT 6.1; WOW64) AppleWebKit/537.36 (KHTML, like Gecko) Chrome/53.0.2785.143 Safari/537.36"
::1 - - [Mon, 10 Oct 2016 06:34:38 GMT] "GET /js/common.8c7395b4578443e2300d.min.js.map HTTP/1.1" 304 - "-" "Mozilla/5.0 (Windows NT 6.1; WOW64) AppleWebKit/537.36 (KHTML, like Gecko) Chrome/53.0.2785.143 Safari/537.36"
::1 - - [Mon, 10 Oct 2016 06:34:38 GMT] "GET /js/index.8c7395b4578443e2300d.min.js.map HTTP/1.1" 304 - "-" "Mozilla/5.0 (Windows NT 6.1; WOW64) AppleWebKit/537.36 (KHTML, like Gecko) Chrome/53.0.2785.143 Safari/537.36"
::1 - - [Mon, 10 Oct 2016 06:34:38 GMT] "GET /newsList HTTP/1.1" 304 - "http://localhost:8080/" "Mozilla/5.0 (Windows NT 6.1; WOW64) AppleWebKit/537.36 (KHTML, like Gecko) Chrome/53.0.2785.143 Safari/537.36"
::1 - - [Mon, 10 Oct 2016 06:34:56 GMT] "GET / HTTP/1.1" 304 - "-" "Mozilla/5.0 (Windows NT 6.1; WOW64) AppleWebKit/537.36 (KHTML, like Gecko) Chrome/53.0.2785.143 Safari/537.36"
::1 - - [Mon, 10 Oct 2016 06:34:56 GMT] "GET /index.8c7395b4578443e2300d.css HTTP/1.1" 304 - "http://localhost:8080/" "Mozilla/5.0 (Windows NT 6.1; WOW64) AppleWebKit/537.36 (KHTML, like Gecko) Chrome/53.0.2785.143 Safari/537.36"
::1 - - [Mon, 10 Oct 2016 06:34:56 GMT] "GET /js/common.8c7395b4578443e2300d.min.js HTTP/1.1" 304 - "http://localhost:8080/" "Mozilla/5.0 (Windows NT 6.1; WOW64) AppleWebKit/537.36 (KHTML, like Gecko) Chrome/53.0.2785.143 Safari/537.36"
::1 - - [Mon, 10 Oct 2016 06:34:56 GMT] "GET /js/index.8c7395b4578443e2300d.min.js HTTP/1.1" 304 - "http://localhost:8080/" "Mozilla/5.0 (Windows NT 6.1; WOW64) AppleWebKit/537.36 (KHTML, like Gecko) Chrome/53.0.2785.143 Safari/537.36"
::1 - - [Mon, 10 Oct 2016 06:34:56 GMT] "GET /index.8c7395b4578443e2300d.css.map HTTP/1.1" 304 - "-" "Mozilla/5.0 (Windows NT 6.1; WOW64) AppleWebKit/537.36 (KHTML, like Gecko) Chrome/53.0.2785.143 Safari/537.36"
::1 - - [Mon, 10 Oct 2016 06:34:56 GMT] "GET /getUserInfo HTTP/1.1" 304 - "http://localhost:8080/" "Mozilla/5.0 (Windows NT 6.1; WOW64) AppleWebKit/537.36 (KHTML, like Gecko) Chrome/53.0.2785.143 Safari/537.36"
::1 - - [Mon, 10 Oct 2016 06:34:56 GMT] "GET /js/common.8c7395b4578443e2300d.min.js.map HTTP/1.1" 304 - "-" "Mozilla/5.0 (Windows NT 6.1; WOW64) AppleWebKit/537.36 (KHTML, like Gecko) Chrome/53.0.2785.143 Safari/537.36"
::1 - - [Mon, 10 Oct 2016 06:34:56 GMT] "GET /js/index.8c7395b4578443e2300d.min.js.map HTTP/1.1" 304 - "-" "Mozilla/5.0 (Windows NT 6.1; WOW64) AppleWebKit/537.36 (KHTML, like Gecko) Chrome/53.0.2785.143 Safari/537.36"
::1 - - [Mon, 10 Oct 2016 06:34:56 GMT] "GET /newsList HTTP/1.1" 304 - "http://localhost:8080/" "Mozilla/5.0 (Windows NT 6.1; WOW64) AppleWebKit/537.36 (KHTML, like Gecko) Chrome/53.0.2785.143 Safari/537.36"
::1 - - [Mon, 10 Oct 2016 06:35:34 GMT] "GET / HTTP/1.1" 404 13 "-" "Mozilla/5.0 (Windows NT 6.1; WOW64) AppleWebKit/537.36 (KHTML, like Gecko) Chrome/53.0.2785.143 Safari/537.36"
::1 - - [Mon, 10 Oct 2016 06:35:38 GMT] "GET /getUserInfo HTTP/1.1" 304 - "http://localhost:7070/" "Mozilla/5.0 (Windows NT 6.1; WOW64) AppleWebKit/537.36 (KHTML, like Gecko) Chrome/53.0.2785.143 Safari/537.36"
::1 - - [Mon, 10 Oct 2016 06:35:38 GMT] "GET /newsList HTTP/1.1" 304 - "http://localhost:7070/" "Mozilla/5.0 (Windows NT 6.1; WOW64) AppleWebKit/537.36 (KHTML, like Gecko) Chrome/53.0.2785.143 Safari/537.36"
::1 - - [Mon, 10 Oct 2016 06:35:39 GMT] "GET /getUserInfo HTTP/1.1" 304 - "http://localhost:7070/" "Mozilla/5.0 (Windows NT 6.1; WOW64) AppleWebKit/537.36 (KHTML, like Gecko) Chrome/53.0.2785.143 Safari/537.36"
::1 - - [Mon, 10 Oct 2016 06:35:39 GMT] "GET /newsList HTTP/1.1" 304 - "http://localhost:7070/" "Mozilla/5.0 (Windows NT 6.1; WOW64) AppleWebKit/537.36 (KHTML, like Gecko) Chrome/53.0.2785.143 Safari/537.36"
::1 - - [Mon, 10 Oct 2016 06:36:18 GMT] "GET / HTTP/1.1" 200 585 "-" "Mozilla/5.0 (Windows NT 6.1; WOW64) AppleWebKit/537.36 (KHTML, like Gecko) Chrome/53.0.2785.143 Safari/537.36"
::1 - - [Mon, 10 Oct 2016 06:36:18 GMT] "GET /index.8c7395b4578443e2300d.css HTTP/1.1" 200 13221 "http://localhost:8080/" "Mozilla/5.0 (Windows NT 6.1; WOW64) AppleWebKit/537.36 (KHTML, like Gecko) Chrome/53.0.2785.143 Safari/537.36"
::1 - - [Mon, 10 Oct 2016 06:36:18 GMT] "GET /js/common.8c7395b4578443e2300d.min.js HTTP/1.1" 200 6638 "http://localhost:8080/" "Mozilla/5.0 (Windows NT 6.1; WOW64) AppleWebKit/537.36 (KHTML, like Gecko) Chrome/53.0.2785.143 Safari/537.36"
::1 - - [Mon, 10 Oct 2016 06:36:18 GMT] "GET /js/index.8c7395b4578443e2300d.min.js HTTP/1.1" 200 255519 "http://localhost:8080/" "Mozilla/5.0 (Windows NT 6.1; WOW64) AppleWebKit/537.36 (KHTML, like Gecko) Chrome/53.0.2785.143 Safari/537.36"
::1 - - [Mon, 10 Oct 2016 06:36:18 GMT] "GET /getUserInfo HTTP/1.1" 304 - "http://localhost:8080/" "Mozilla/5.0 (Windows NT 6.1; WOW64) AppleWebKit/537.36 (KHTML, like Gecko) Chrome/53.0.2785.143 Safari/537.36"
::1 - - [Mon, 10 Oct 2016 06:36:18 GMT] "GET /newsList HTTP/1.1" 304 - "http://localhost:8080/" "Mozilla/5.0 (Windows NT 6.1; WOW64) AppleWebKit/537.36 (KHTML, like Gecko) Chrome/53.0.2785.143 Safari/537.36"
::1 - - [Mon, 10 Oct 2016 06:36:19 GMT] "GET / HTTP/1.1" 304 - "-" "Mozilla/5.0 (Windows NT 6.1; WOW64) AppleWebKit/537.36 (KHTML, like Gecko) Chrome/53.0.2785.143 Safari/537.36"
::1 - - [Mon, 10 Oct 2016 06:36:19 GMT] "GET /index.8c7395b4578443e2300d.css HTTP/1.1" 200 13221 "http://localhost:8080/" "Mozilla/5.0 (Windows NT 6.1; WOW64) AppleWebKit/537.36 (KHTML, like Gecko) Chrome/53.0.2785.143 Safari/537.36"
::1 - - [Mon, 10 Oct 2016 06:36:19 GMT] "GET /js/common.8c7395b4578443e2300d.min.js HTTP/1.1" 200 6638 "http://localhost:8080/" "Mozilla/5.0 (Windows NT 6.1; WOW64) AppleWebKit/537.36 (KHTML, like Gecko) Chrome/53.0.2785.143 Safari/537.36"
::1 - - [Mon, 10 Oct 2016 06:36:19 GMT] "GET /js/index.8c7395b4578443e2300d.min.js HTTP/1.1" 200 255519 "http://localhost:8080/" "Mozilla/5.0 (Windows NT 6.1; WOW64) AppleWebKit/537.36 (KHTML, like Gecko) Chrome/53.0.2785.143 Safari/537.36"
::1 - - [Mon, 10 Oct 2016 06:36:19 GMT] "GET /index.8c7395b4578443e2300d.css.map HTTP/1.1" 200 107 "-" "Mozilla/5.0 (Windows NT 6.1; WOW64) AppleWebKit/537.36 (KHTML, like Gecko) Chrome/53.0.2785.143 Safari/537.36"
::1 - - [Mon, 10 Oct 2016 06:36:19 GMT] "GET /js/common.8c7395b4578443e2300d.min.js.map HTTP/1.1" 200 60239 "-" "Mozilla/5.0 (Windows NT 6.1; WOW64) AppleWebKit/537.36 (KHTML, like Gecko) Chrome/53.0.2785.143 Safari/537.36"
::1 - - [Mon, 10 Oct 2016 06:36:19 GMT] "GET /getUserInfo HTTP/1.1" 304 - "http://localhost:8080/" "Mozilla/5.0 (Windows NT 6.1; WOW64) AppleWebKit/537.36 (KHTML, like Gecko) Chrome/53.0.2785.143 Safari/537.36"
::1 - - [Mon, 10 Oct 2016 06:36:19 GMT] "GET /newsList HTTP/1.1" 304 - "http://localhost:8080/" "Mozilla/5.0 (Windows NT 6.1; WOW64) AppleWebKit/537.36 (KHTML, like Gecko) Chrome/53.0.2785.143 Safari/537.36"
::1 - - [Mon, 10 Oct 2016 06:36:19 GMT] "GET /js/index.8c7395b4578443e2300d.min.js.map HTTP/1.1" 200 2445229 "-" "Mozilla/5.0 (Windows NT 6.1; WOW64) AppleWebKit/537.36 (KHTML, like Gecko) Chrome/53.0.2785.143 Safari/537.36"
::1 - - [Mon, 10 Oct 2016 06:36:20 GMT] "GET / HTTP/1.1" 304 - "-" "Mozilla/5.0 (Windows NT 6.1; WOW64) AppleWebKit/537.36 (KHTML, like Gecko) Chrome/53.0.2785.143 Safari/537.36"
::1 - - [Mon, 10 Oct 2016 06:36:20 GMT] "GET /index.8c7395b4578443e2300d.css HTTP/1.1" 304 - "http://localhost:8080/" "Mozilla/5.0 (Windows NT 6.1; WOW64) AppleWebKit/537.36 (KHTML, like Gecko) Chrome/53.0.2785.143 Safari/537.36"
::1 - - [Mon, 10 Oct 2016 06:36:20 GMT] "GET /js/common.8c7395b4578443e2300d.min.js HTTP/1.1" 304 - "http://localhost:8080/" "Mozilla/5.0 (Windows NT 6.1; WOW64) AppleWebKit/537.36 (KHTML, like Gecko) Chrome/53.0.2785.143 Safari/537.36"
::1 - - [Mon, 10 Oct 2016 06:36:20 GMT] "GET /js/index.8c7395b4578443e2300d.min.js HTTP/1.1" 304 - "http://localhost:8080/" "Mozilla/5.0 (Windows NT 6.1; WOW64) AppleWebKit/537.36 (KHTML, like Gecko) Chrome/53.0.2785.143 Safari/537.36"
::1 - - [Mon, 10 Oct 2016 06:36:20 GMT] "GET /index.8c7395b4578443e2300d.css.map HTTP/1.1" 304 - "-" "Mozilla/5.0 (Windows NT 6.1; WOW64) AppleWebKit/537.36 (KHTML, like Gecko) Chrome/53.0.2785.143 Safari/537.36"
::1 - - [Mon, 10 Oct 2016 06:36:20 GMT] "GET /getUserInfo HTTP/1.1" 304 - "http://localhost:8080/" "Mozilla/5.0 (Windows NT 6.1; WOW64) AppleWebKit/537.36 (KHTML, like Gecko) Chrome/53.0.2785.143 Safari/537.36"
::1 - - [Mon, 10 Oct 2016 06:36:20 GMT] "GET /js/common.8c7395b4578443e2300d.min.js.map HTTP/1.1" 304 - "-" "Mozilla/5.0 (Windows NT 6.1; WOW64) AppleWebKit/537.36 (KHTML, like Gecko) Chrome/53.0.2785.143 Safari/537.36"
::1 - - [Mon, 10 Oct 2016 06:36:20 GMT] "GET /js/index.8c7395b4578443e2300d.min.js.map HTTP/1.1" 304 - "-" "Mozilla/5.0 (Windows NT 6.1; WOW64) AppleWebKit/537.36 (KHTML, like Gecko) Chrome/53.0.2785.143 Safari/537.36"
::1 - - [Mon, 10 Oct 2016 06:36:20 GMT] "GET /newsList HTTP/1.1" 304 - "http://localhost:8080/" "Mozilla/5.0 (Windows NT 6.1; WOW64) AppleWebKit/537.36 (KHTML, like Gecko) Chrome/53.0.2785.143 Safari/537.36"
